[2015.12.10-01.17.32:735][  0]Log file open, 12/09/15 23:17:32
[2015.12.10-01.17.32:735][  0]LogInit:Display: Running engine for game: Sandstorm
[2015.12.10-01.17.32:735][  0]LogPlatformFile: Not using cached read wrapper
[2015.12.10-01.17.32:735][  0]LogInit:Display: RandInit(1302096566) SRandInit(1302096567).
[2015.12.10-01.17.32:735][  0]LogTaskGraph: Started task graph with 4 named threads and 8 total threads.
[2015.12.10-01.17.32:735][  0]LogStats: Stats thread started at 0.092206
[2015.12.10-01.17.32:735][  0]LogInit: Version: 4.10.1-2791327+++depot+UE4-Releases+4.10
[2015.12.10-01.17.32:735][  0]LogInit: API Version: 2758231
[2015.12.10-01.17.32:735][  0]LogInit: Compiled (64-bit): Dec  4 2015 19:44:40
[2015.12.10-01.17.32:735][  0]LogInit: Compiled with Visual C++: 19.00.23026.00
[2015.12.10-01.17.32:735][  0]LogInit: Build Configuration: Development
[2015.12.10-01.17.32:735][  0]LogInit: Branch Name: ++depot+UE4-Releases+4.10
[2015.12.10-01.17.32:735][  0]LogInit: Command line: 
[2015.12.10-01.17.32:735][  0]LogInit: Base directory: D:/Epic Games/4.10/Engine/Binaries/Win64/
[2015.12.10-01.17.32:735][  0]LogInit: Rocket: 1
[2015.12.10-01.17.32:749][  0]LogInit: Using libcurl 7.41.0
[2015.12.10-01.17.32:749][  0]LogInit:  - built for x86_64-pc-win32
[2015.12.10-01.17.32:749][  0]LogInit:  - supports SSL with WinSSL
[2015.12.10-01.17.32:749][  0]LogInit:  - other features:
[2015.12.10-01.17.32:749][  0]LogInit:      CURL_VERSION_SSL
[2015.12.10-01.17.32:749][  0]LogInit:      CURL_VERSION_IPV6
[2015.12.10-01.17.32:749][  0]LogInit:      CURL_VERSION_ASYNCHDNS
[2015.12.10-01.17.32:749][  0]LogInit:      CURL_VERSION_LARGEFILE
[2015.12.10-01.17.32:749][  0]LogInit:      CURL_VERSION_IDN
[2015.12.10-01.17.32:749][  0]LogInit:  CurlRequestOptions (configurable via config and command line):
[2015.12.10-01.17.32:749][  0]LogInit:  - bVerifyPeer = true  - Libcurl will verify peer certificate
[2015.12.10-01.17.32:749][  0]LogInit:  - bUseHttpProxy = false  - Libcurl will NOT use HTTP proxy
[2015.12.10-01.17.32:749][  0]LogInit:  - bDontReuseConnections = false  - Libcurl will reuse connections
[2015.12.10-01.17.32:749][  0]LogInit:  - CertBundlePath = nullptr  - Libcurl will use whatever was configured at build time.
[2015.12.10-01.17.32:764][  0]LogInit: Presizing for 0 objects not considered by GC, pre-allocating 0 bytes.
[2015.12.10-01.17.32:772][  0]LogInit: Object subsystem initialized
[2015.12.10-01.17.32:775][  0]LogInit: Selected Device Profile: [Windows]
[2015.12.10-01.17.32:775][  0]LogInit: Applying CVar settings loaded from the selected device profile: [Windows]
[2015.12.10-01.17.32:789][  0]LogInit: Computer: OUROBOROS
[2015.12.10-01.17.32:789][  0]LogInit: User: Guilherme
[2015.12.10-01.17.32:789][  0]LogInit: CPU Page size=4096, Cores=6
[2015.12.10-01.17.32:789][  0]LogInit: High frequency timer resolution =3.222658 MHz
[2015.12.10-01.17.32:789][  0]LogMemory: Memory total: Physical=15.9GB (16GB approx)
[2015.12.10-01.17.32:790][  0]LogMemory: Platform Memory Stats for Windows
[2015.12.10-01.17.32:790][  0]LogMemory: Process Physical Memory: 56.11 MB used, 56.11 MB peak
[2015.12.10-01.17.32:790][  0]LogMemory: Process Virtual Memory: 57.77 MB used, 57.77 MB peak
[2015.12.10-01.17.32:790][  0]LogMemory: Physical Memory: 4857.34 MB used, 16253.69 MB total
[2015.12.10-01.17.32:790][  0]LogMemory: Virtual Memory: 383.78 MB used, 134217728.00 MB total
[2015.12.10-01.17.32:842][  0]LogTextLocalizationManager: No specific translations for ('en-US') exist, so ('en') translations will be used.
[2015.12.10-01.17.33:265][  0]LogD3D11RHI: Found D3D11 adapter 0: NVIDIA GeForce GTX 970 (Feature Level 11_0)
[2015.12.10-01.17.33:265][  0]LogD3D11RHI: Adapter has 4008MB of dedicated video memory, 0MB of dedicated system memory, and 8126MB of shared system memory, 1 output[s]
[2015.12.10-01.17.33:266][  0]LogD3D11RHI: Found D3D11 adapter 1: Microsoft Basic Render Driver (Feature Level 11_0)
[2015.12.10-01.17.33:266][  0]LogD3D11RHI: Adapter has 0MB of dedicated video memory, 0MB of dedicated system memory, and 8126MB of shared system memory, 0 output[s]
[2015.12.10-01.17.33:266][  0]LogD3D11RHI: Chosen D3D11 Adapter Id = 0
[2015.12.10-01.17.33:271][  0]LogD3D11RHI: !Direct3DDevice
[2015.12.10-01.17.33:271][  0]LogRHI: Texture pool is 1361 MB (70% of 1945 MB)
[2015.12.10-01.17.33:285][  0]LogD3D11RHI: Async texture creation enabled
[2015.12.10-01.17.33:301][  0]LogShaderCompilers: Guid format shader working directory is 7 characters bigger than the processId version (C:/The Gentleman Storm/sandstorm/Sandstorm/Intermediate/Shaders/WorkingDirectory/1616/).
[2015.12.10-01.17.33:301][  0]LogShaderCompilers: Cleaned the shader compiler working directory 'C:/Users/GUILHE~1/AppData/Local/Temp/UnrealShaderWorkingDir/5E8B70DE403D30296888BAAE935ECAC0/'.
[2015.12.10-01.17.33:301][  0]LogShaderCompilers:Display: Using Local Shader Compiler.
[2015.12.10-01.17.34:111][  0]LogTemp:Display: Loaded TP AllDesktopTargetPlatform
[2015.12.10-01.17.34:115][  0]LogTemp:Display: Loaded TP WindowsClientTargetPlatform
[2015.12.10-01.17.34:119][  0]LogTemp:Display: Loaded TP WindowsNoEditorTargetPlatform
[2015.12.10-01.17.34:123][  0]LogTemp:Display: Loaded TP WindowsServerTargetPlatform
[2015.12.10-01.17.34:127][  0]LogTemp:Display: Loaded TP WindowsTargetPlatform
[2015.12.10-01.17.34:129][  0]LogTemp:Display: Loaded TP AndroidTargetPlatform
[2015.12.10-01.17.34:132][  0]LogTemp:Display: Loaded TP Android_ASTCTargetPlatform
[2015.12.10-01.17.34:134][  0]LogTemp:Display: Loaded TP Android_ATCTargetPlatform
[2015.12.10-01.17.34:137][  0]LogTemp:Display: Loaded TP Android_DXTTargetPlatform
[2015.12.10-01.17.34:139][  0]LogTemp:Display: Loaded TP Android_ETC1TargetPlatform
[2015.12.10-01.17.34:144][  0]LogTemp:Display: Loaded TP Android_ETC2TargetPlatform
[2015.12.10-01.17.34:150][  0]LogTemp:Display: Loaded TP Android_MultiTargetPlatform
[2015.12.10-01.17.34:150][  0]LogTemp:Display: Loaded TP Android_PVRTCTargetPlatform
[2015.12.10-01.17.34:150][  0]LogTemp:Display: Loaded TP HTML5TargetPlatform
[2015.12.10-01.17.34:174][  0]LogTemp:Display: Loaded TP IOSTargetPlatform
[2015.12.10-01.17.34:177][  0]LogTemp:Display: Loaded TP LinuxNoEditorTargetPlatform
[2015.12.10-01.17.34:181][  0]LogTemp:Display: Loaded TP LinuxServerTargetPlatform
[2015.12.10-01.17.34:184][  0]LogTemp:Display: Loaded TP LinuxTargetPlatform
[2015.12.10-01.17.34:184][  0]LogTargetPlatformManager:Display: Building Assets For Windows
[2015.12.10-01.17.34:291][  0]LogDerivedDataCache:Display: Max Cache Size: 512 MB
[2015.12.10-01.17.34:343][  0]LogDerivedDataCache: Loaded boot cache 0.05s 44MB C:/Users/Guilherme/AppData/Local/UnrealEngine/4.10/DerivedDataCache/Boot.ddc.
[2015.12.10-01.17.34:343][  0]LogDerivedDataCache:Display: Loaded Boot cache: C:/Users/Guilherme/AppData/Local/UnrealEngine/4.10/DerivedDataCache/Boot.ddc
[2015.12.10-01.17.34:343][  0]LogDerivedDataCache: FDerivedDataBackendGraph:  Pak pak cache file C:/The Gentleman Storm/sandstorm/Sandstorm/DerivedDataCache/DDC.ddp not found, will not use a pak cache.
[2015.12.10-01.17.34:343][  0]LogDerivedDataCache: Unable to find inner node Pak for hierarchical cache Hierarchy.
[2015.12.10-01.17.34:343][  0]LogDerivedDataCache: FDerivedDataBackendGraph:  CompressedPak pak cache file C:/The Gentleman Storm/sandstorm/Sandstorm/DerivedDataCache/Compressed.ddp not found, will not use a pak cache.
[2015.12.10-01.17.34:343][  0]LogDerivedDataCache: Unable to find inner node CompressedPak for hierarchical cache Hierarchy.
[2015.12.10-01.17.34:395][  0]LogDerivedDataCache:Display: Pak cache opened for reading ../../../Engine/DerivedDataCache/Compressed.ddp.
[2015.12.10-01.17.34:407][  0]LogDerivedDataCache: Using Local data cache path C:/Users/Guilherme/AppData/Local/UnrealEngine/Common/DerivedDataCache: Writable
[2015.12.10-01.17.34:565][  0]LogInit: Selected Device Profile: [Windows]
[2015.12.10-01.17.34:567][  0]LogContentStreaming: Texture pool size is 0.000000MB
[2015.12.10-01.17.34:663][  0]LogMeshUtilities: No automatic mesh reduction module available
[2015.12.10-01.17.34:663][  0]LogMeshUtilities: No automatic mesh merging module available
[2015.12.10-01.17.34:911][  0]LogInit: WinSock: version 1.1 (2.2), MaxSocks=32767, MaxUdp=65467
[2015.12.10-01.17.35:659][  0]UdpMessaging: Initializing bridge on interface 0.0.0.0:0 to multicast group 230.0.0.1:6666.
[2015.12.10-01.17.35:769][  0]LogAssetRegistry: FAssetRegistry took 0.0116 seconds to start up
[2015.12.10-01.17.35:908][  0]SourceControl: Info Source control is disabled
[2015.12.10-01.17.35:909][  0]SourceControl: Info Source control is disabled
[2015.12.10-01.17.35:917][  0]SourceControl: Info Source control is disabled
[2015.12.10-01.17.35:925][  0]SourceControl: Info Source control is disabled
[2015.12.10-01.17.36:159][  0]LogObj: 28633 objects as part of root set at end of initial load.
[2015.12.10-01.17.36:159][  0]LogUObjectAllocator: 6099744 out of 0 bytes used by permanent object pool.
[2015.12.10-01.17.36:241][  0]LogEngine: Initializing Engine...
[2015.12.10-01.17.36:243][  0]LogHMD: Can't find Oculus library dev build: is proper Runtime installed? Version: 0.8.0.0
[2015.12.10-01.17.36:244][  0]LogHMD: SteamVR failed to initialize.  Err: 110
[2015.12.10-01.17.36:390][  0]LogAIModule: Creating AISystem for world NewWorld
[2015.12.10-01.17.36:395][  0]LogInit: XAudio2 using 'Speakers (Realtek High Definition Audio)' : 2 channels at 48 kHz using 32 bits per sample (channel mask 0x3)
[2015.12.10-01.17.36:414][  0]LogInit: FAudioDevice initialized.
[2015.12.10-01.17.36:435][  0]LogDerivedDataCache: Saved boot cache 0.02s 44MB C:/Users/Guilherme/AppData/Local/UnrealEngine/4.10/DerivedDataCache/Boot.ddc.
[2015.12.10-01.17.36:442][  0]LogInit: Texture streaming: Enabled
[2015.12.10-01.17.36:447][  0]LogAnalytics: Creating configured Analytics provider AnalyticsET
[2015.12.10-01.17.36:447][  0]LogAnalytics: [UEEditor.Rocket.Release] APIServer = http://et2.epicgames.com/ET2/. AppVersion = 4.10.1-2791327+++depot+UE4-Releases+4.10
[2015.12.10-01.17.36:447][  0]LogAnalytics: [UEEditor.Rocket.Release] SetUserId d54f74c340afc21a07628a812dce76b1|7fb9b12588eb4d1d8d7bcdfebf55487e|5ab482f7-c69e-4cc2-9504-8b76f3284581
[2015.12.10-01.17.36:447][  0]LogAnalytics: [UEEditor.Rocket.Release] AnalyticsET::StartSession
[2015.12.10-01.17.36:458][  0]LogWindowsTextInputMethodSystem:Display: IME system now deactivated.
[2015.12.10-01.17.36:487][  0]LogInit: Transaction tracking system initialized
[2015.12.10-01.17.36:511][  0]BlueprintLog: New page: Editor Load
[2015.12.10-01.17.36:917][  0]LocalizationService: Info Localization service is disabled
[2015.12.10-01.17.37:066][  0]LogConsoleResponse:Display: 
[2015.12.10-01.17.37:256][  0]LogFileCache: Scanning file cache for directory 'C:/The Gentleman Storm/sandstorm/Sandstorm/Content/' took 0.01s
[2015.12.10-01.17.37:256][  0]LogCook:Display: Done creating registry. It took  0.00s.
[2015.12.10-01.17.37:338][  0]SourceControl: Info Source control is disabled
[2015.12.10-01.17.37:840][  0]LogFactory: FactoryCreateBinary: PackFactory with PackFactory (0 0 D:/Epic Games/4.10/FeaturePacks/StarterContent.upack)
[2015.12.10-01.17.38:152][  0]LogPackFactory: Finished extracting 8 files (including 0 errors).
[2015.12.10-01.17.38:239][  0]LogPackFactory: Copied "../../../Samples/StarterContent/Content/StarterContent/Architecture/Floor_400x400.uasset" to "C:/The Gentleman Storm/sandstorm/Sandstorm/Content/StarterContent/Architecture/Floor_400x400.uasset"
[2015.12.10-01.17.38:256][  0]LogPackFactory: Copied "../../../Samples/StarterContent/Content/StarterContent/Architecture/Pillar_50x500.uasset" to "C:/The Gentleman Storm/sandstorm/Sandstorm/Content/StarterContent/Architecture/Pillar_50x500.uasset"
[2015.12.10-01.17.38:287][  0]LogPackFactory: Copied "../../../Samples/StarterContent/Content/StarterContent/Architecture/SM_AssetPlatform.uasset" to "C:/The Gentleman Storm/sandstorm/Sandstorm/Content/StarterContent/Architecture/SM_AssetPlatform.uasset"
[2015.12.10-01.17.38:293][  0]LogPackFactory: Copied "../../../Samples/StarterContent/Content/StarterContent/Architecture/Wall_400x200.uasset" to "C:/The Gentleman Storm/sandstorm/Sandstorm/Content/StarterContent/Architecture/Wall_400x200.uasset"
[2015.12.10-01.17.38:339][  0]LogPackFactory: Copied "../../../Samples/StarterContent/Content/StarterContent/Architecture/Wall_400x300.uasset" to "C:/The Gentleman Storm/sandstorm/Sandstorm/Content/StarterContent/Architecture/Wall_400x300.uasset"
[2015.12.10-01.17.38:349][  0]LogPackFactory: Copied "../../../Samples/StarterContent/Content/StarterContent/Architecture/Wall_400x400.uasset" to "C:/The Gentleman Storm/sandstorm/Sandstorm/Content/StarterContent/Architecture/Wall_400x400.uasset"
[2015.12.10-01.17.38:354][  0]LogPackFactory: Copied "../../../Samples/StarterContent/Content/StarterContent/Architecture/Wall_500x500.uasset" to "C:/The Gentleman Storm/sandstorm/Sandstorm/Content/StarterContent/Architecture/Wall_500x500.uasset"
[2015.12.10-01.17.38:360][  0]LogPackFactory: Copied "../../../Samples/StarterContent/Content/StarterContent/Architecture/Wall_Door_400x300.uasset" to "C:/The Gentleman Storm/sandstorm/Sandstorm/Content/StarterContent/Architecture/Wall_Door_400x300.uasset"
[2015.12.10-01.17.38:365][  0]LogPackFactory: Copied "../../../Samples/StarterContent/Content/StarterContent/Architecture/Wall_Door_400x400.uasset" to "C:/The Gentleman Storm/sandstorm/Sandstorm/Content/StarterContent/Architecture/Wall_Door_400x400.uasset"
[2015.12.10-01.17.38:410][  0]LogPackFactory: Copied "../../../Samples/StarterContent/Content/StarterContent/Architecture/Wall_Window_400x300.uasset" to "C:/The Gentleman Storm/sandstorm/Sandstorm/Content/StarterContent/Architecture/Wall_Window_400x300.uasset"
[2015.12.10-01.17.38:415][  0]LogPackFactory: Copied "../../../Samples/StarterContent/Content/StarterContent/Architecture/Wall_Window_400x400.uasset" to "C:/The Gentleman Storm/sandstorm/Sandstorm/Content/StarterContent/Architecture/Wall_Window_400x400.uasset"
[2015.12.10-01.17.38:422][  0]LogPackFactory: Copied "../../../Samples/StarterContent/Content/StarterContent/Audio/Collapse01.uasset" to "C:/The Gentleman Storm/sandstorm/Sandstorm/Content/StarterContent/Audio/Collapse01.uasset"
[2015.12.10-01.17.38:455][  0]LogPackFactory: Copied "../../../Samples/StarterContent/Content/StarterContent/Audio/Collapse02.uasset" to "C:/The Gentleman Storm/sandstorm/Sandstorm/Content/StarterContent/Audio/Collapse02.uasset"
[2015.12.10-01.17.38:459][  0]LogPackFactory: Copied "../../../Samples/StarterContent/Content/StarterContent/Audio/Collapse_Cue.uasset" to "C:/The Gentleman Storm/sandstorm/Sandstorm/Content/StarterContent/Audio/Collapse_Cue.uasset"
[2015.12.10-01.17.38:499][  0]LogPackFactory: Copied "../../../Samples/StarterContent/Content/StarterContent/Audio/Explosion01.uasset" to "C:/The Gentleman Storm/sandstorm/Sandstorm/Content/StarterContent/Audio/Explosion01.uasset"
[2015.12.10-01.17.38:515][  0]LogPackFactory: Copied "../../../Samples/StarterContent/Content/StarterContent/Audio/Explosion02.uasset" to "C:/The Gentleman Storm/sandstorm/Sandstorm/Content/StarterContent/Audio/Explosion02.uasset"
[2015.12.10-01.17.38:517][  0]LogPackFactory: Copied "../../../Samples/StarterContent/Content/StarterContent/Audio/Explosion_Cue.uasset" to "C:/The Gentleman Storm/sandstorm/Sandstorm/Content/StarterContent/Audio/Explosion_Cue.uasset"
[2015.12.10-01.17.38:536][  0]LogPackFactory: Copied "../../../Samples/StarterContent/Content/StarterContent/Audio/Fire01.uasset" to "C:/The Gentleman Storm/sandstorm/Sandstorm/Content/StarterContent/Audio/Fire01.uasset"
[2015.12.10-01.17.38:539][  0]LogPackFactory: Copied "../../../Samples/StarterContent/Content/StarterContent/Audio/Fire01_Cue.uasset" to "C:/The Gentleman Storm/sandstorm/Sandstorm/Content/StarterContent/Audio/Fire01_Cue.uasset"
[2015.12.10-01.17.38:559][  0]LogPackFactory: Copied "../../../Samples/StarterContent/Content/StarterContent/Audio/Fire_Sparks01.uasset" to "C:/The Gentleman Storm/sandstorm/Sandstorm/Content/StarterContent/Audio/Fire_Sparks01.uasset"
[2015.12.10-01.17.38:576][  0]LogPackFactory: Copied "../../../Samples/StarterContent/Content/StarterContent/Audio/Fire_Sparks01_Cue.uasset" to "C:/The Gentleman Storm/sandstorm/Sandstorm/Content/StarterContent/Audio/Fire_Sparks01_Cue.uasset"
[2015.12.10-01.17.38:588][  0]LogPackFactory: Copied "../../../Samples/StarterContent/Content/StarterContent/Audio/Light01.uasset" to "C:/The Gentleman Storm/sandstorm/Sandstorm/Content/StarterContent/Audio/Light01.uasset"
[2015.12.10-01.17.38:590][  0]LogPackFactory: Copied "../../../Samples/StarterContent/Content/StarterContent/Audio/Light01_Cue.uasset" to "C:/The Gentleman Storm/sandstorm/Sandstorm/Content/StarterContent/Audio/Light01_Cue.uasset"
[2015.12.10-01.17.38:639][  0]LogPackFactory: Copied "../../../Samples/StarterContent/Content/StarterContent/Audio/Light02.uasset" to "C:/The Gentleman Storm/sandstorm/Sandstorm/Content/StarterContent/Audio/Light02.uasset"
[2015.12.10-01.17.38:642][  0]LogPackFactory: Copied "../../../Samples/StarterContent/Content/StarterContent/Audio/Light02_Cue.uasset" to "C:/The Gentleman Storm/sandstorm/Sandstorm/Content/StarterContent/Audio/Light02_Cue.uasset"
[2015.12.10-01.17.38:661][  0]LogPackFactory: Copied "../../../Samples/StarterContent/Content/StarterContent/Audio/Smoke01.uasset" to "C:/The Gentleman Storm/sandstorm/Sandstorm/Content/StarterContent/Audio/Smoke01.uasset"
[2015.12.10-01.17.38:663][  0]LogPackFactory: Copied "../../../Samples/StarterContent/Content/StarterContent/Audio/Smoke01_Cue.uasset" to "C:/The Gentleman Storm/sandstorm/Sandstorm/Content/StarterContent/Audio/Smoke01_Cue.uasset"
[2015.12.10-01.17.38:672][  0]LogPackFactory: Copied "../../../Samples/StarterContent/Content/StarterContent/Audio/Starter_Background_Cue.uasset" to "C:/The Gentleman Storm/sandstorm/Sandstorm/Content/StarterContent/Audio/Starter_Background_Cue.uasset"
[2015.12.10-01.17.38:707][  0]LogPackFactory: Copied "../../../Samples/StarterContent/Content/StarterContent/Audio/Starter_Birds01.uasset" to "C:/The Gentleman Storm/sandstorm/Sandstorm/Content/StarterContent/Audio/Starter_Birds01.uasset"
[2015.12.10-01.17.38:796][  0]LogPackFactory: Copied "../../../Samples/StarterContent/Content/StarterContent/Audio/Starter_Music01.uasset" to "C:/The Gentleman Storm/sandstorm/Sandstorm/Content/StarterContent/Audio/Starter_Music01.uasset"
[2015.12.10-01.17.38:834][  0]LogPackFactory: Copied "../../../Samples/StarterContent/Content/StarterContent/Audio/Starter_Music_Cue.uasset" to "C:/The Gentleman Storm/sandstorm/Sandstorm/Content/StarterContent/Audio/Starter_Music_Cue.uasset"
[2015.12.10-01.17.38:873][  0]LogPackFactory: Copied "../../../Samples/StarterContent/Content/StarterContent/Audio/Starter_Wind05.uasset" to "C:/The Gentleman Storm/sandstorm/Sandstorm/Content/StarterContent/Audio/Starter_Wind05.uasset"
[2015.12.10-01.17.38:905][  0]LogPackFactory: Copied "../../../Samples/StarterContent/Content/StarterContent/Audio/Starter_Wind06.uasset" to "C:/The Gentleman Storm/sandstorm/Sandstorm/Content/StarterContent/Audio/Starter_Wind06.uasset"
[2015.12.10-01.17.38:922][  0]LogPackFactory: Copied "../../../Samples/StarterContent/Content/StarterContent/Audio/Steam01.uasset" to "C:/The Gentleman Storm/sandstorm/Sandstorm/Content/StarterContent/Audio/Steam01.uasset"
[2015.12.10-01.17.38:935][  0]LogPackFactory: Copied "../../../Samples/StarterContent/Content/StarterContent/Audio/Steam01_Cue.uasset" to "C:/The Gentleman Storm/sandstorm/Sandstorm/Content/StarterContent/Audio/Steam01_Cue.uasset"
[2015.12.10-01.17.38:996][  0]LogPackFactory: Copied "../../../Samples/StarterContent/Content/StarterContent/Blueprints/Blueprint_CeilingLight.uasset" to "C:/The Gentleman Storm/sandstorm/Sandstorm/Content/StarterContent/Blueprints/Blueprint_CeilingLight.uasset"
[2015.12.10-01.17.39:019][  0]LogPackFactory: Copied "../../../Samples/StarterContent/Content/StarterContent/Blueprints/Blueprint_Effect_Explosion.uasset" to "C:/The Gentleman Storm/sandstorm/Sandstorm/Content/StarterContent/Blueprints/Blueprint_Effect_Explosion.uasset"
[2015.12.10-01.17.39:027][  0]LogPackFactory: Copied "../../../Samples/StarterContent/Content/StarterContent/Blueprints/Blueprint_Effect_Fire.uasset" to "C:/The Gentleman Storm/sandstorm/Sandstorm/Content/StarterContent/Blueprints/Blueprint_Effect_Fire.uasset"
[2015.12.10-01.17.39:031][  0]LogPackFactory: Copied "../../../Samples/StarterContent/Content/StarterContent/Blueprints/Blueprint_Effect_Smoke.uasset" to "C:/The Gentleman Storm/sandstorm/Sandstorm/Content/StarterContent/Blueprints/Blueprint_Effect_Smoke.uasset"
[2015.12.10-01.17.39:043][  0]LogPackFactory: Copied "../../../Samples/StarterContent/Content/StarterContent/Blueprints/Blueprint_Effect_Sparks.uasset" to "C:/The Gentleman Storm/sandstorm/Sandstorm/Content/StarterContent/Blueprints/Blueprint_Effect_Sparks.uasset"
[2015.12.10-01.17.39:047][  0]LogPackFactory: Copied "../../../Samples/StarterContent/Content/StarterContent/Blueprints/Blueprint_Effect_Steam.uasset" to "C:/The Gentleman Storm/sandstorm/Sandstorm/Content/StarterContent/Blueprints/Blueprint_Effect_Steam.uasset"
[2015.12.10-01.17.39:084][  0]LogPackFactory: Copied "../../../Samples/StarterContent/Content/StarterContent/Blueprints/Blueprint_WallSconce.uasset" to "C:/The Gentleman Storm/sandstorm/Sandstorm/Content/StarterContent/Blueprints/Blueprint_WallSconce.uasset"
[2015.12.10-01.17.39:097][  0]LogPackFactory: Copied "../../../Samples/StarterContent/Content/StarterContent/Blueprints/BP_LightStudio.uasset" to "C:/The Gentleman Storm/sandstorm/Sandstorm/Content/StarterContent/Blueprints/BP_LightStudio.uasset"
[2015.12.10-01.17.39:109][  0]LogPackFactory: Copied "../../../Samples/StarterContent/Content/StarterContent/Blueprints/Assets/FogBrightnessLUT.uasset" to "C:/The Gentleman Storm/sandstorm/Sandstorm/Content/StarterContent/Blueprints/Assets/FogBrightnessLUT.uasset"
[2015.12.10-01.17.39:119][  0]LogPackFactory: Copied "../../../Samples/StarterContent/Content/StarterContent/Blueprints/Assets/M_LightStage_Arrows.uasset" to "C:/The Gentleman Storm/sandstorm/Sandstorm/Content/StarterContent/Blueprints/Assets/M_LightStage_Arrows.uasset"
[2015.12.10-01.17.39:138][  0]LogPackFactory: Copied "../../../Samples/StarterContent/Content/StarterContent/Blueprints/Assets/M_LightStage_Skybox_Black.uasset" to "C:/The Gentleman Storm/sandstorm/Sandstorm/Content/StarterContent/Blueprints/Assets/M_LightStage_Skybox_Black.uasset"
[2015.12.10-01.17.39:188][  0]LogPackFactory: Copied "../../../Samples/StarterContent/Content/StarterContent/Blueprints/Assets/M_LightStage_Skybox_HDRI.uasset" to "C:/The Gentleman Storm/sandstorm/Sandstorm/Content/StarterContent/Blueprints/Assets/M_LightStage_Skybox_HDRI.uasset"
[2015.12.10-01.17.39:198][  0]LogPackFactory: Copied "../../../Samples/StarterContent/Content/StarterContent/Blueprints/Assets/M_LightStage_Skybox_Master.uasset" to "C:/The Gentleman Storm/sandstorm/Sandstorm/Content/StarterContent/Blueprints/Assets/M_LightStage_Skybox_Master.uasset"
[2015.12.10-01.17.39:219][  0]LogPackFactory: Copied "../../../Samples/StarterContent/Content/StarterContent/Blueprints/Assets/Skybox.uasset" to "C:/The Gentleman Storm/sandstorm/Sandstorm/Content/StarterContent/Blueprints/Assets/Skybox.uasset"
[2015.12.10-01.17.39:244][  0]LogPackFactory: Copied "../../../Samples/StarterContent/Content/StarterContent/Blueprints/Assets/SM_Arrows.uasset" to "C:/The Gentleman Storm/sandstorm/Sandstorm/Content/StarterContent/Blueprints/Assets/SM_Arrows.uasset"
[2015.12.10-01.17.39:248][  0]LogPackFactory: Copied "../../../Samples/StarterContent/Content/StarterContent/Blueprints/Assets/SunlightColorLUT.uasset" to "C:/The Gentleman Storm/sandstorm/Sandstorm/Content/StarterContent/Blueprints/Assets/SunlightColorLUT.uasset"
[2015.12.10-01.17.45:687][  0]LogPackFactory: Copied "../../../Samples/StarterContent/Content/StarterContent/HDRI/HDRI_Epic_Courtyard_Daylight.uasset" to "C:/The Gentleman Storm/sandstorm/Sandstorm/Content/StarterContent/HDRI/HDRI_Epic_Courtyard_Daylight.uasset"
[2015.12.10-01.17.45:721][  0]LogPackFactory: Copied "../../../Samples/StarterContent/Content/StarterContent/Maps/Advanced_Lighting.umap" to "C:/The Gentleman Storm/sandstorm/Sandstorm/Content/StarterContent/Maps/Advanced_Lighting.umap"
[2015.12.10-01.17.45:756][  0]LogPackFactory: Copied "../../../Samples/StarterContent/Content/StarterContent/Maps/Minimal_Default.umap" to "C:/The Gentleman Storm/sandstorm/Sandstorm/Content/StarterContent/Maps/Minimal_Default.umap"
[2015.12.10-01.17.45:974][  0]LogPackFactory: Copied "../../../Samples/StarterContent/Content/StarterContent/Maps/StarterMap.umap" to "C:/The Gentleman Storm/sandstorm/Sandstorm/Content/StarterContent/Maps/StarterMap.umap"
[2015.12.10-01.17.46:023][  0]LogPackFactory: Copied "../../../Samples/StarterContent/Content/StarterContent/Materials/M_AssetPlatform.uasset" to "C:/The Gentleman Storm/sandstorm/Sandstorm/Content/StarterContent/Materials/M_AssetPlatform.uasset"
[2015.12.10-01.17.46:035][  0]LogPackFactory: Copied "../../../Samples/StarterContent/Content/StarterContent/Materials/M_Basic_Floor.uasset" to "C:/The Gentleman Storm/sandstorm/Sandstorm/Content/StarterContent/Materials/M_Basic_Floor.uasset"
[2015.12.10-01.17.46:054][  0]LogPackFactory: Copied "../../../Samples/StarterContent/Content/StarterContent/Materials/M_Basic_Wall.uasset" to "C:/The Gentleman Storm/sandstorm/Sandstorm/Content/StarterContent/Materials/M_Basic_Wall.uasset"
[2015.12.10-01.17.46:061][  0]LogPackFactory: Copied "../../../Samples/StarterContent/Content/StarterContent/Materials/M_Brick_Clay_Beveled.uasset" to "C:/The Gentleman Storm/sandstorm/Sandstorm/Content/StarterContent/Materials/M_Brick_Clay_Beveled.uasset"
[2015.12.10-01.17.46:080][  0]LogPackFactory: Copied "../../../Samples/StarterContent/Content/StarterContent/Materials/M_Brick_Clay_New.uasset" to "C:/The Gentleman Storm/sandstorm/Sandstorm/Content/StarterContent/Materials/M_Brick_Clay_New.uasset"
[2015.12.10-01.17.46:098][  0]LogPackFactory: Copied "../../../Samples/StarterContent/Content/StarterContent/Materials/M_Brick_Clay_Old.uasset" to "C:/The Gentleman Storm/sandstorm/Sandstorm/Content/StarterContent/Materials/M_Brick_Clay_Old.uasset"
[2015.12.10-01.17.46:114][  0]LogPackFactory: Copied "../../../Samples/StarterContent/Content/StarterContent/Materials/M_Brick_Cut_Stone.uasset" to "C:/The Gentleman Storm/sandstorm/Sandstorm/Content/StarterContent/Materials/M_Brick_Cut_Stone.uasset"
[2015.12.10-01.17.46:149][  0]LogPackFactory: Copied "../../../Samples/StarterContent/Content/StarterContent/Materials/M_Brick_Hewn_Stone.uasset" to "C:/The Gentleman Storm/sandstorm/Sandstorm/Content/StarterContent/Materials/M_Brick_Hewn_Stone.uasset"
[2015.12.10-01.17.46:176][  0]LogPackFactory: Copied "../../../Samples/StarterContent/Content/StarterContent/Materials/M_Ceramic_Tile_Checker.uasset" to "C:/The Gentleman Storm/sandstorm/Sandstorm/Content/StarterContent/Materials/M_Ceramic_Tile_Checker.uasset"
[2015.12.10-01.17.46:185][  0]LogPackFactory: Copied "../../../Samples/StarterContent/Content/StarterContent/Materials/M_CobbleStone_Pebble.uasset" to "C:/The Gentleman Storm/sandstorm/Sandstorm/Content/StarterContent/Materials/M_CobbleStone_Pebble.uasset"
[2015.12.10-01.17.46:202][  0]LogPackFactory: Copied "../../../Samples/StarterContent/Content/StarterContent/Materials/M_CobbleStone_Rough.uasset" to "C:/The Gentleman Storm/sandstorm/Sandstorm/Content/StarterContent/Materials/M_CobbleStone_Rough.uasset"
[2015.12.10-01.17.46:210][  0]LogPackFactory: Copied "../../../Samples/StarterContent/Content/StarterContent/Materials/M_CobbleStone_Smooth.uasset" to "C:/The Gentleman Storm/sandstorm/Sandstorm/Content/StarterContent/Materials/M_CobbleStone_Smooth.uasset"
[2015.12.10-01.17.46:236][  0]LogPackFactory: Copied "../../../Samples/StarterContent/Content/StarterContent/Materials/M_ColorGrid_LowSpec.uasset" to "C:/The Gentleman Storm/sandstorm/Sandstorm/Content/StarterContent/Materials/M_ColorGrid_LowSpec.uasset"
[2015.12.10-01.17.46:243][  0]LogPackFactory: Copied "../../../Samples/StarterContent/Content/StarterContent/Materials/M_Concrete_Grime.uasset" to "C:/The Gentleman Storm/sandstorm/Sandstorm/Content/StarterContent/Materials/M_Concrete_Grime.uasset"
[2015.12.10-01.17.46:249][  0]LogPackFactory: Copied "../../../Samples/StarterContent/Content/StarterContent/Materials/M_Concrete_Panels.uasset" to "C:/The Gentleman Storm/sandstorm/Sandstorm/Content/StarterContent/Materials/M_Concrete_Panels.uasset"
[2015.12.10-01.17.46:256][  0]LogPackFactory: Copied "../../../Samples/StarterContent/Content/StarterContent/Materials/M_Concrete_Poured.uasset" to "C:/The Gentleman Storm/sandstorm/Sandstorm/Content/StarterContent/Materials/M_Concrete_Poured.uasset"
[2015.12.10-01.17.46:264][  0]LogPackFactory: Copied "../../../Samples/StarterContent/Content/StarterContent/Materials/M_Concrete_Tiles.uasset" to "C:/The Gentleman Storm/sandstorm/Sandstorm/Content/StarterContent/Materials/M_Concrete_Tiles.uasset"
[2015.12.10-01.17.46:270][  0]LogPackFactory: Copied "../../../Samples/StarterContent/Content/StarterContent/Materials/M_Glass.uasset" to "C:/The Gentleman Storm/sandstorm/Sandstorm/Content/StarterContent/Materials/M_Glass.uasset"
[2015.12.10-01.17.46:279][  0]LogPackFactory: Copied "../../../Samples/StarterContent/Content/StarterContent/Materials/M_Ground_Grass.uasset" to "C:/The Gentleman Storm/sandstorm/Sandstorm/Content/StarterContent/Materials/M_Ground_Grass.uasset"
[2015.12.10-01.17.46:300][  0]LogPackFactory: Copied "../../../Samples/StarterContent/Content/StarterContent/Materials/M_Ground_Gravel.uasset" to "C:/The Gentleman Storm/sandstorm/Sandstorm/Content/StarterContent/Materials/M_Ground_Gravel.uasset"
[2015.12.10-01.17.46:316][  0]LogPackFactory: Copied "../../../Samples/StarterContent/Content/StarterContent/Materials/M_Ground_Moss.uasset" to "C:/The Gentleman Storm/sandstorm/Sandstorm/Content/StarterContent/Materials/M_Ground_Moss.uasset"
[2015.12.10-01.17.46:324][  0]LogPackFactory: Copied "../../../Samples/StarterContent/Content/StarterContent/Materials/M_Metal_Brushed_Nickel.uasset" to "C:/The Gentleman Storm/sandstorm/Sandstorm/Content/StarterContent/Materials/M_Metal_Brushed_Nickel.uasset"
[2015.12.10-01.17.46:344][  0]LogPackFactory: Copied "../../../Samples/StarterContent/Content/StarterContent/Materials/M_Metal_Burnished_Steel.uasset" to "C:/The Gentleman Storm/sandstorm/Sandstorm/Content/StarterContent/Materials/M_Metal_Burnished_Steel.uasset"
[2015.12.10-01.17.46:352][  0]LogPackFactory: Copied "../../../Samples/StarterContent/Content/StarterContent/Materials/M_Metal_Chrome.uasset" to "C:/The Gentleman Storm/sandstorm/Sandstorm/Content/StarterContent/Materials/M_Metal_Chrome.uasset"
[2015.12.10-01.17.46:362][  0]LogPackFactory: Copied "../../../Samples/StarterContent/Content/StarterContent/Materials/M_Metal_Copper.uasset" to "C:/The Gentleman Storm/sandstorm/Sandstorm/Content/StarterContent/Materials/M_Metal_Copper.uasset"
[2015.12.10-01.17.46:369][  0]LogPackFactory: Copied "../../../Samples/StarterContent/Content/StarterContent/Materials/M_Metal_Gold.uasset" to "C:/The Gentleman Storm/sandstorm/Sandstorm/Content/StarterContent/Materials/M_Metal_Gold.uasset"
[2015.12.10-01.17.46:376][  0]LogPackFactory: Copied "../../../Samples/StarterContent/Content/StarterContent/Materials/M_Metal_Rust.uasset" to "C:/The Gentleman Storm/sandstorm/Sandstorm/Content/StarterContent/Materials/M_Metal_Rust.uasset"
[2015.12.10-01.17.46:393][  0]LogPackFactory: Copied "../../../Samples/StarterContent/Content/StarterContent/Materials/M_Metal_Steel.uasset" to "C:/The Gentleman Storm/sandstorm/Sandstorm/Content/StarterContent/Materials/M_Metal_Steel.uasset"
[2015.12.10-01.17.46:400][  0]LogPackFactory: Copied "../../../Samples/StarterContent/Content/StarterContent/Materials/M_Rock_Basalt.uasset" to "C:/The Gentleman Storm/sandstorm/Sandstorm/Content/StarterContent/Materials/M_Rock_Basalt.uasset"
[2015.12.10-01.17.46:407][  0]LogPackFactory: Copied "../../../Samples/StarterContent/Content/StarterContent/Materials/M_Rock_Marble_Polished.uasset" to "C:/The Gentleman Storm/sandstorm/Sandstorm/Content/StarterContent/Materials/M_Rock_Marble_Polished.uasset"
[2015.12.10-01.17.46:420][  0]LogPackFactory: Copied "../../../Samples/StarterContent/Content/StarterContent/Materials/M_Rock_Sandstone.uasset" to "C:/The Gentleman Storm/sandstorm/Sandstorm/Content/StarterContent/Materials/M_Rock_Sandstone.uasset"
[2015.12.10-01.17.46:427][  0]LogPackFactory: Copied "../../../Samples/StarterContent/Content/StarterContent/Materials/M_Rock_Slate.uasset" to "C:/The Gentleman Storm/sandstorm/Sandstorm/Content/StarterContent/Materials/M_Rock_Slate.uasset"
[2015.12.10-01.17.46:454][  0]LogPackFactory: Copied "../../../Samples/StarterContent/Content/StarterContent/Materials/M_Tech_Checker_Dot.uasset" to "C:/The Gentleman Storm/sandstorm/Sandstorm/Content/StarterContent/Materials/M_Tech_Checker_Dot.uasset"
[2015.12.10-01.17.46:464][  0]LogPackFactory: Copied "../../../Samples/StarterContent/Content/StarterContent/Materials/M_Tech_Hex_Tile.uasset" to "C:/The Gentleman Storm/sandstorm/Sandstorm/Content/StarterContent/Materials/M_Tech_Hex_Tile.uasset"
[2015.12.10-01.17.46:472][  0]LogPackFactory: Copied "../../../Samples/StarterContent/Content/StarterContent/Materials/M_Tech_Hex_Tile_Pulse.uasset" to "C:/The Gentleman Storm/sandstorm/Sandstorm/Content/StarterContent/Materials/M_Tech_Hex_Tile_Pulse.uasset"
[2015.12.10-01.17.46:479][  0]LogPackFactory: Copied "../../../Samples/StarterContent/Content/StarterContent/Materials/M_Tech_Panel.uasset" to "C:/The Gentleman Storm/sandstorm/Sandstorm/Content/StarterContent/Materials/M_Tech_Panel.uasset"
[2015.12.10-01.17.46:487][  0]LogPackFactory: Copied "../../../Samples/StarterContent/Content/StarterContent/Materials/M_Water_Lake.uasset" to "C:/The Gentleman Storm/sandstorm/Sandstorm/Content/StarterContent/Materials/M_Water_Lake.uasset"
[2015.12.10-01.17.46:507][  0]LogPackFactory: Copied "../../../Samples/StarterContent/Content/StarterContent/Materials/M_Water_Ocean.uasset" to "C:/The Gentleman Storm/sandstorm/Sandstorm/Content/StarterContent/Materials/M_Water_Ocean.uasset"
[2015.12.10-01.17.46:513][  0]LogPackFactory: Copied "../../../Samples/StarterContent/Content/StarterContent/Materials/M_Wood_Floor_Walnut_Polished.uasset" to "C:/The Gentleman Storm/sandstorm/Sandstorm/Content/StarterContent/Materials/M_Wood_Floor_Walnut_Polished.uasset"
[2015.12.10-01.17.46:519][  0]LogPackFactory: Copied "../../../Samples/StarterContent/Content/StarterContent/Materials/M_Wood_Floor_Walnut_Worn.uasset" to "C:/The Gentleman Storm/sandstorm/Sandstorm/Content/StarterContent/Materials/M_Wood_Floor_Walnut_Worn.uasset"
[2015.12.10-01.17.46:533][  0]LogPackFactory: Copied "../../../Samples/StarterContent/Content/StarterContent/Materials/M_Wood_Oak.uasset" to "C:/The Gentleman Storm/sandstorm/Sandstorm/Content/StarterContent/Materials/M_Wood_Oak.uasset"
[2015.12.10-01.17.46:538][  0]LogPackFactory: Copied "../../../Samples/StarterContent/Content/StarterContent/Materials/M_Wood_Pine.uasset" to "C:/The Gentleman Storm/sandstorm/Sandstorm/Content/StarterContent/Materials/M_Wood_Pine.uasset"
[2015.12.10-01.17.46:546][  0]LogPackFactory: Copied "../../../Samples/StarterContent/Content/StarterContent/Materials/M_Wood_Walnut.uasset" to "C:/The Gentleman Storm/sandstorm/Sandstorm/Content/StarterContent/Materials/M_Wood_Walnut.uasset"
[2015.12.10-01.17.46:570][  0]LogPackFactory: Copied "../../../Samples/StarterContent/Content/StarterContent/Particles/P_Ambient_Dust.uasset" to "C:/The Gentleman Storm/sandstorm/Sandstorm/Content/StarterContent/Particles/P_Ambient_Dust.uasset"
[2015.12.10-01.17.46:584][  0]LogPackFactory: Copied "../../../Samples/StarterContent/Content/StarterContent/Particles/P_Explosion.uasset" to "C:/The Gentleman Storm/sandstorm/Sandstorm/Content/StarterContent/Particles/P_Explosion.uasset"
[2015.12.10-01.17.46:595][  0]LogPackFactory: Copied "../../../Samples/StarterContent/Content/StarterContent/Particles/P_Fire.uasset" to "C:/The Gentleman Storm/sandstorm/Sandstorm/Content/StarterContent/Particles/P_Fire.uasset"
[2015.12.10-01.17.46:609][  0]LogPackFactory: Copied "../../../Samples/StarterContent/Content/StarterContent/Particles/P_Smoke.uasset" to "C:/The Gentleman Storm/sandstorm/Sandstorm/Content/StarterContent/Particles/P_Smoke.uasset"
[2015.12.10-01.17.46:627][  0]LogPackFactory: Copied "../../../Samples/StarterContent/Content/StarterContent/Particles/P_Sparks.uasset" to "C:/The Gentleman Storm/sandstorm/Sandstorm/Content/StarterContent/Particles/P_Sparks.uasset"
[2015.12.10-01.17.46:633][  0]LogPackFactory: Copied "../../../Samples/StarterContent/Content/StarterContent/Particles/P_Steam_Lit.uasset" to "C:/The Gentleman Storm/sandstorm/Sandstorm/Content/StarterContent/Particles/P_Steam_Lit.uasset"
[2015.12.10-01.17.46:654][  0]LogPackFactory: Copied "../../../Samples/StarterContent/Content/StarterContent/Particles/Materials/M_Burst.uasset" to "C:/The Gentleman Storm/sandstorm/Sandstorm/Content/StarterContent/Particles/Materials/M_Burst.uasset"
[2015.12.10-01.17.46:661][  0]LogPackFactory: Copied "../../../Samples/StarterContent/Content/StarterContent/Particles/Materials/M_Dust_Particle.uasset" to "C:/The Gentleman Storm/sandstorm/Sandstorm/Content/StarterContent/Particles/Materials/M_Dust_Particle.uasset"
[2015.12.10-01.17.46:668][  0]LogPackFactory: Copied "../../../Samples/StarterContent/Content/StarterContent/Particles/Materials/M_explosion_subUV.uasset" to "C:/The Gentleman Storm/sandstorm/Sandstorm/Content/StarterContent/Particles/Materials/M_explosion_subUV.uasset"
[2015.12.10-01.17.46:680][  0]LogPackFactory: Copied "../../../Samples/StarterContent/Content/StarterContent/Particles/Materials/M_Fire_SubUV.uasset" to "C:/The Gentleman Storm/sandstorm/Sandstorm/Content/StarterContent/Particles/Materials/M_Fire_SubUV.uasset"
[2015.12.10-01.17.46:686][  0]LogPackFactory: Copied "../../../Samples/StarterContent/Content/StarterContent/Particles/Materials/m_flare_01.uasset" to "C:/The Gentleman Storm/sandstorm/Sandstorm/Content/StarterContent/Particles/Materials/m_flare_01.uasset"
[2015.12.10-01.17.46:693][  0]LogPackFactory: Copied "../../../Samples/StarterContent/Content/StarterContent/Particles/Materials/M_Heat_Distortion.uasset" to "C:/The Gentleman Storm/sandstorm/Sandstorm/Content/StarterContent/Particles/Materials/M_Heat_Distortion.uasset"
[2015.12.10-01.17.46:700][  0]LogPackFactory: Copied "../../../Samples/StarterContent/Content/StarterContent/Particles/Materials/M_Radial_Gradient.uasset" to "C:/The Gentleman Storm/sandstorm/Sandstorm/Content/StarterContent/Particles/Materials/M_Radial_Gradient.uasset"
[2015.12.10-01.17.46:709][  0]LogPackFactory: Copied "../../../Samples/StarterContent/Content/StarterContent/Particles/Materials/M_radial_ramp.uasset" to "C:/The Gentleman Storm/sandstorm/Sandstorm/Content/StarterContent/Particles/Materials/M_radial_ramp.uasset"
[2015.12.10-01.17.46:716][  0]LogPackFactory: Copied "../../../Samples/StarterContent/Content/StarterContent/Particles/Materials/M_smoke_subUV.uasset" to "C:/The Gentleman Storm/sandstorm/Sandstorm/Content/StarterContent/Particles/Materials/M_smoke_subUV.uasset"
[2015.12.10-01.17.46:723][  0]LogPackFactory: Copied "../../../Samples/StarterContent/Content/StarterContent/Particles/Materials/M_Spark.uasset" to "C:/The Gentleman Storm/sandstorm/Sandstorm/Content/StarterContent/Particles/Materials/M_Spark.uasset"
[2015.12.10-01.17.46:750][  0]LogPackFactory: Copied "../../../Samples/StarterContent/Content/StarterContent/Props/MaterialSphere.uasset" to "C:/The Gentleman Storm/sandstorm/Sandstorm/Content/StarterContent/Props/MaterialSphere.uasset"
[2015.12.10-01.17.46:775][  0]LogPackFactory: Copied "../../../Samples/StarterContent/Content/StarterContent/Props/SM_Bush.uasset" to "C:/The Gentleman Storm/sandstorm/Sandstorm/Content/StarterContent/Props/SM_Bush.uasset"
[2015.12.10-01.17.46:796][  0]LogPackFactory: Copied "../../../Samples/StarterContent/Content/StarterContent/Props/SM_Chair.uasset" to "C:/The Gentleman Storm/sandstorm/Sandstorm/Content/StarterContent/Props/SM_Chair.uasset"
[2015.12.10-01.17.46:811][  0]LogPackFactory: Copied "../../../Samples/StarterContent/Content/StarterContent/Props/SM_CornerFrame.uasset" to "C:/The Gentleman Storm/sandstorm/Sandstorm/Content/StarterContent/Props/SM_CornerFrame.uasset"
[2015.12.10-01.17.46:820][  0]LogPackFactory: Copied "../../../Samples/StarterContent/Content/StarterContent/Props/SM_Couch.uasset" to "C:/The Gentleman Storm/sandstorm/Sandstorm/Content/StarterContent/Props/SM_Couch.uasset"
[2015.12.10-01.17.46:890][  0]LogPackFactory: Copied "../../../Samples/StarterContent/Content/StarterContent/Props/SM_Door.uasset" to "C:/The Gentleman Storm/sandstorm/Sandstorm/Content/StarterContent/Props/SM_Door.uasset"
[2015.12.10-01.17.46:902][  0]LogPackFactory: Copied "../../../Samples/StarterContent/Content/StarterContent/Props/SM_DoorFrame.uasset" to "C:/The Gentleman Storm/sandstorm/Sandstorm/Content/StarterContent/Props/SM_DoorFrame.uasset"
[2015.12.10-01.17.46:931][  0]LogPackFactory: Copied "../../../Samples/StarterContent/Content/StarterContent/Props/SM_GlassWindow.uasset" to "C:/The Gentleman Storm/sandstorm/Sandstorm/Content/StarterContent/Props/SM_GlassWindow.uasset"
[2015.12.10-01.17.46:945][  0]LogPackFactory: Copied "../../../Samples/StarterContent/Content/StarterContent/Props/SM_Lamp_Ceiling.uasset" to "C:/The Gentleman Storm/sandstorm/Sandstorm/Content/StarterContent/Props/SM_Lamp_Ceiling.uasset"
[2015.12.10-01.17.46:954][  0]LogPackFactory: Copied "../../../Samples/StarterContent/Content/StarterContent/Props/SM_Lamp_Wall.uasset" to "C:/The Gentleman Storm/sandstorm/Sandstorm/Content/StarterContent/Props/SM_Lamp_Wall.uasset"
[2015.12.10-01.17.47:002][  0]LogPackFactory: Copied "../../../Samples/StarterContent/Content/StarterContent/Props/SM_MatPreviewMesh_02.uasset" to "C:/The Gentleman Storm/sandstorm/Sandstorm/Content/StarterContent/Props/SM_MatPreviewMesh_02.uasset"
[2015.12.10-01.17.47:037][  0]LogPackFactory: Copied "../../../Samples/StarterContent/Content/StarterContent/Props/SM_PillarFrame.uasset" to "C:/The Gentleman Storm/sandstorm/Sandstorm/Content/StarterContent/Props/SM_PillarFrame.uasset"
[2015.12.10-01.17.47:047][  0]LogPackFactory: Copied "../../../Samples/StarterContent/Content/StarterContent/Props/SM_PillarFrame300.uasset" to "C:/The Gentleman Storm/sandstorm/Sandstorm/Content/StarterContent/Props/SM_PillarFrame300.uasset"
[2015.12.10-01.17.47:055][  0]LogPackFactory: Copied "../../../Samples/StarterContent/Content/StarterContent/Props/SM_Rock.uasset" to "C:/The Gentleman Storm/sandstorm/Sandstorm/Content/StarterContent/Props/SM_Rock.uasset"
[2015.12.10-01.17.47:063][  0]LogPackFactory: Copied "../../../Samples/StarterContent/Content/StarterContent/Props/SM_Shelf.uasset" to "C:/The Gentleman Storm/sandstorm/Sandstorm/Content/StarterContent/Props/SM_Shelf.uasset"
[2015.12.10-01.17.47:070][  0]LogPackFactory: Copied "../../../Samples/StarterContent/Content/StarterContent/Props/SM_Stairs.uasset" to "C:/The Gentleman Storm/sandstorm/Sandstorm/Content/StarterContent/Props/SM_Stairs.uasset"
[2015.12.10-01.17.47:112][  0]LogPackFactory: Copied "../../../Samples/StarterContent/Content/StarterContent/Props/SM_Statue.uasset" to "C:/The Gentleman Storm/sandstorm/Sandstorm/Content/StarterContent/Props/SM_Statue.uasset"
[2015.12.10-01.17.47:161][  0]LogPackFactory: Copied "../../../Samples/StarterContent/Content/StarterContent/Props/SM_TableRound.uasset" to "C:/The Gentleman Storm/sandstorm/Sandstorm/Content/StarterContent/Props/SM_TableRound.uasset"
[2015.12.10-01.17.47:172][  0]LogPackFactory: Copied "../../../Samples/StarterContent/Content/StarterContent/Props/SM_WindowFrame.uasset" to "C:/The Gentleman Storm/sandstorm/Sandstorm/Content/StarterContent/Props/SM_WindowFrame.uasset"
[2015.12.10-01.17.47:214][  0]LogPackFactory: Copied "../../../Samples/StarterContent/Content/StarterContent/Props/Materials/M_Bush.uasset" to "C:/The Gentleman Storm/sandstorm/Sandstorm/Content/StarterContent/Props/Materials/M_Bush.uasset"
[2015.12.10-01.17.47:248][  0]LogPackFactory: Copied "../../../Samples/StarterContent/Content/StarterContent/Props/Materials/M_Chair.uasset" to "C:/The Gentleman Storm/sandstorm/Sandstorm/Content/StarterContent/Props/Materials/M_Chair.uasset"
[2015.12.10-01.17.47:258][  0]LogPackFactory: Copied "../../../Samples/StarterContent/Content/StarterContent/Props/Materials/M_Door.uasset" to "C:/The Gentleman Storm/sandstorm/Sandstorm/Content/StarterContent/Props/Materials/M_Door.uasset"
[2015.12.10-01.17.47:265][  0]LogPackFactory: Copied "../../../Samples/StarterContent/Content/StarterContent/Props/Materials/M_Frame.uasset" to "C:/The Gentleman Storm/sandstorm/Sandstorm/Content/StarterContent/Props/Materials/M_Frame.uasset"
[2015.12.10-01.17.47:273][  0]LogPackFactory: Copied "../../../Samples/StarterContent/Content/StarterContent/Props/Materials/M_Lamp.uasset" to "C:/The Gentleman Storm/sandstorm/Sandstorm/Content/StarterContent/Props/Materials/M_Lamp.uasset"
[2015.12.10-01.17.47:283][  0]LogPackFactory: Copied "../../../Samples/StarterContent/Content/StarterContent/Props/Materials/M_MaterialSphere.uasset" to "C:/The Gentleman Storm/sandstorm/Sandstorm/Content/StarterContent/Props/Materials/M_MaterialSphere.uasset"
[2015.12.10-01.17.47:323][  0]LogPackFactory: Copied "../../../Samples/StarterContent/Content/StarterContent/Props/Materials/M_MaterialSphere_Plain.uasset" to "C:/The Gentleman Storm/sandstorm/Sandstorm/Content/StarterContent/Props/Materials/M_MaterialSphere_Plain.uasset"
[2015.12.10-01.17.47:335][  0]LogPackFactory: Copied "../../../Samples/StarterContent/Content/StarterContent/Props/Materials/M_Rock.uasset" to "C:/The Gentleman Storm/sandstorm/Sandstorm/Content/StarterContent/Props/Materials/M_Rock.uasset"
[2015.12.10-01.17.47:346][  0]LogPackFactory: Copied "../../../Samples/StarterContent/Content/StarterContent/Props/Materials/M_Shelf.uasset" to "C:/The Gentleman Storm/sandstorm/Sandstorm/Content/StarterContent/Props/Materials/M_Shelf.uasset"
[2015.12.10-01.17.47:353][  0]LogPackFactory: Copied "../../../Samples/StarterContent/Content/StarterContent/Props/Materials/M_Statue.uasset" to "C:/The Gentleman Storm/sandstorm/Sandstorm/Content/StarterContent/Props/Materials/M_Statue.uasset"
[2015.12.10-01.17.47:366][  0]LogPackFactory: Copied "../../../Samples/StarterContent/Content/StarterContent/Props/Materials/M_StatueGlass.uasset" to "C:/The Gentleman Storm/sandstorm/Sandstorm/Content/StarterContent/Props/Materials/M_StatueGlass.uasset"
[2015.12.10-01.17.47:372][  0]LogPackFactory: Copied "../../../Samples/StarterContent/Content/StarterContent/Props/Materials/M_TableRound.uasset" to "C:/The Gentleman Storm/sandstorm/Sandstorm/Content/StarterContent/Props/Materials/M_TableRound.uasset"
[2015.12.10-01.17.47:378][  0]LogPackFactory: Copied "../../../Samples/StarterContent/Content/StarterContent/Shapes/Shape_Cone.uasset" to "C:/The Gentleman Storm/sandstorm/Sandstorm/Content/StarterContent/Shapes/Shape_Cone.uasset"
[2015.12.10-01.17.47:428][  0]LogPackFactory: Copied "../../../Samples/StarterContent/Content/StarterContent/Shapes/Shape_Cube.uasset" to "C:/The Gentleman Storm/sandstorm/Sandstorm/Content/StarterContent/Shapes/Shape_Cube.uasset"
[2015.12.10-01.17.47:472][  0]LogPackFactory: Copied "../../../Samples/StarterContent/Content/StarterContent/Shapes/Shape_Cylinder.uasset" to "C:/The Gentleman Storm/sandstorm/Sandstorm/Content/StarterContent/Shapes/Shape_Cylinder.uasset"
[2015.12.10-01.17.47:479][  0]LogPackFactory: Copied "../../../Samples/StarterContent/Content/StarterContent/Shapes/Shape_NarrowCapsule.uasset" to "C:/The Gentleman Storm/sandstorm/Sandstorm/Content/StarterContent/Shapes/Shape_NarrowCapsule.uasset"
[2015.12.10-01.17.47:489][  0]LogPackFactory: Copied "../../../Samples/StarterContent/Content/StarterContent/Shapes/Shape_Pipe.uasset" to "C:/The Gentleman Storm/sandstorm/Sandstorm/Content/StarterContent/Shapes/Shape_Pipe.uasset"
[2015.12.10-01.17.47:509][  0]LogPackFactory: Copied "../../../Samples/StarterContent/Content/StarterContent/Shapes/Shape_Pipe_180.uasset" to "C:/The Gentleman Storm/sandstorm/Sandstorm/Content/StarterContent/Shapes/Shape_Pipe_180.uasset"
[2015.12.10-01.17.47:554][  0]LogPackFactory: Copied "../../../Samples/StarterContent/Content/StarterContent/Shapes/Shape_Pipe_90.uasset" to "C:/The Gentleman Storm/sandstorm/Sandstorm/Content/StarterContent/Shapes/Shape_Pipe_90.uasset"
[2015.12.10-01.17.47:565][  0]LogPackFactory: Copied "../../../Samples/StarterContent/Content/StarterContent/Shapes/Shape_Plane.uasset" to "C:/The Gentleman Storm/sandstorm/Sandstorm/Content/StarterContent/Shapes/Shape_Plane.uasset"
[2015.12.10-01.17.47:576][  0]LogPackFactory: Copied "../../../Samples/StarterContent/Content/StarterContent/Shapes/Shape_QuadPyramid.uasset" to "C:/The Gentleman Storm/sandstorm/Sandstorm/Content/StarterContent/Shapes/Shape_QuadPyramid.uasset"
[2015.12.10-01.17.47:616][  0]LogPackFactory: Copied "../../../Samples/StarterContent/Content/StarterContent/Shapes/Shape_Sphere.uasset" to "C:/The Gentleman Storm/sandstorm/Sandstorm/Content/StarterContent/Shapes/Shape_Sphere.uasset"
[2015.12.10-01.17.47:697][  0]LogPackFactory: Copied "../../../Samples/StarterContent/Content/StarterContent/Shapes/Shape_Torus.uasset" to "C:/The Gentleman Storm/sandstorm/Sandstorm/Content/StarterContent/Shapes/Shape_Torus.uasset"
[2015.12.10-01.17.47:776][  0]LogPackFactory: Copied "../../../Samples/StarterContent/Content/StarterContent/Shapes/Shape_Trim.uasset" to "C:/The Gentleman Storm/sandstorm/Sandstorm/Content/StarterContent/Shapes/Shape_Trim.uasset"
[2015.12.10-01.17.47:789][  0]LogPackFactory: Copied "../../../Samples/StarterContent/Content/StarterContent/Shapes/Shape_Trim_90_In.uasset" to "C:/The Gentleman Storm/sandstorm/Sandstorm/Content/StarterContent/Shapes/Shape_Trim_90_In.uasset"
[2015.12.10-01.17.47:802][  0]LogPackFactory: Copied "../../../Samples/StarterContent/Content/StarterContent/Shapes/Shape_Trim_90_Out.uasset" to "C:/The Gentleman Storm/sandstorm/Sandstorm/Content/StarterContent/Shapes/Shape_Trim_90_Out.uasset"
[2015.12.10-01.17.47:813][  0]LogPackFactory: Copied "../../../Samples/StarterContent/Content/StarterContent/Shapes/Shape_TriPyramid.uasset" to "C:/The Gentleman Storm/sandstorm/Sandstorm/Content/StarterContent/Shapes/Shape_TriPyramid.uasset"
[2015.12.10-01.17.47:823][  0]LogPackFactory: Copied "../../../Samples/StarterContent/Content/StarterContent/Shapes/Shape_Tube.uasset" to "C:/The Gentleman Storm/sandstorm/Sandstorm/Content/StarterContent/Shapes/Shape_Tube.uasset"
[2015.12.10-01.17.47:830][  0]LogPackFactory: Copied "../../../Samples/StarterContent/Content/StarterContent/Shapes/Shape_Wedge_A.uasset" to "C:/The Gentleman Storm/sandstorm/Sandstorm/Content/StarterContent/Shapes/Shape_Wedge_A.uasset"
[2015.12.10-01.17.47:837][  0]LogPackFactory: Copied "../../../Samples/StarterContent/Content/StarterContent/Shapes/Shape_Wedge_B.uasset" to "C:/The Gentleman Storm/sandstorm/Sandstorm/Content/StarterContent/Shapes/Shape_Wedge_B.uasset"
[2015.12.10-01.17.47:877][  0]LogPackFactory: Copied "../../../Samples/StarterContent/Content/StarterContent/Shapes/Shape_WideCapsule.uasset" to "C:/The Gentleman Storm/sandstorm/Sandstorm/Content/StarterContent/Shapes/Shape_WideCapsule.uasset"
[2015.12.10-01.17.47:978][  0]LogPackFactory: Copied "../../../Samples/StarterContent/Content/StarterContent/Textures/T_Brick_Clay_Beveled_D.uasset" to "C:/The Gentleman Storm/sandstorm/Sandstorm/Content/StarterContent/Textures/T_Brick_Clay_Beveled_D.uasset"
[2015.12.10-01.17.48:092][  0]LogPackFactory: Copied "../../../Samples/StarterContent/Content/StarterContent/Textures/T_Brick_Clay_Beveled_M.uasset" to "C:/The Gentleman Storm/sandstorm/Sandstorm/Content/StarterContent/Textures/T_Brick_Clay_Beveled_M.uasset"
[2015.12.10-01.17.48:205][  0]LogPackFactory: Copied "../../../Samples/StarterContent/Content/StarterContent/Textures/T_Brick_Clay_Beveled_N.uasset" to "C:/The Gentleman Storm/sandstorm/Sandstorm/Content/StarterContent/Textures/T_Brick_Clay_Beveled_N.uasset"
[2015.12.10-01.17.48:293][  0]LogPackFactory: Copied "../../../Samples/StarterContent/Content/StarterContent/Textures/T_Brick_Clay_New_D.uasset" to "C:/The Gentleman Storm/sandstorm/Sandstorm/Content/StarterContent/Textures/T_Brick_Clay_New_D.uasset"
[2015.12.10-01.17.48:519][  0]LogPackFactory: Copied "../../../Samples/StarterContent/Content/StarterContent/Textures/T_Brick_Clay_New_M.uasset" to "C:/The Gentleman Storm/sandstorm/Sandstorm/Content/StarterContent/Textures/T_Brick_Clay_New_M.uasset"
[2015.12.10-01.17.48:636][  0]LogPackFactory: Copied "../../../Samples/StarterContent/Content/StarterContent/Textures/T_Brick_Clay_New_N.uasset" to "C:/The Gentleman Storm/sandstorm/Sandstorm/Content/StarterContent/Textures/T_Brick_Clay_New_N.uasset"
[2015.12.10-01.17.48:775][  0]LogPackFactory: Copied "../../../Samples/StarterContent/Content/StarterContent/Textures/T_Brick_Clay_Old_D.uasset" to "C:/The Gentleman Storm/sandstorm/Sandstorm/Content/StarterContent/Textures/T_Brick_Clay_Old_D.uasset"
[2015.12.10-01.17.48:887][  0]LogPackFactory: Copied "../../../Samples/StarterContent/Content/StarterContent/Textures/T_Brick_Clay_Old_N.uasset" to "C:/The Gentleman Storm/sandstorm/Sandstorm/Content/StarterContent/Textures/T_Brick_Clay_Old_N.uasset"
[2015.12.10-01.17.49:096][  0]LogPackFactory: Copied "../../../Samples/StarterContent/Content/StarterContent/Textures/T_Brick_Cut_Stone_D.uasset" to "C:/The Gentleman Storm/sandstorm/Sandstorm/Content/StarterContent/Textures/T_Brick_Cut_Stone_D.uasset"
[2015.12.10-01.17.49:189][  0]LogPackFactory: Copied "../../../Samples/StarterContent/Content/StarterContent/Textures/T_Brick_Cut_Stone_N.uasset" to "C:/The Gentleman Storm/sandstorm/Sandstorm/Content/StarterContent/Textures/T_Brick_Cut_Stone_N.uasset"
[2015.12.10-01.17.49:297][  0]LogPackFactory: Copied "../../../Samples/StarterContent/Content/StarterContent/Textures/T_Brick_Hewn_Stone_D.uasset" to "C:/The Gentleman Storm/sandstorm/Sandstorm/Content/StarterContent/Textures/T_Brick_Hewn_Stone_D.uasset"
[2015.12.10-01.17.49:413][  0]LogPackFactory: Copied "../../../Samples/StarterContent/Content/StarterContent/Textures/T_Brick_Hewn_Stone_M.uasset" to "C:/The Gentleman Storm/sandstorm/Sandstorm/Content/StarterContent/Textures/T_Brick_Hewn_Stone_M.uasset"
[2015.12.10-01.17.49:685][  0]LogPackFactory: Copied "../../../Samples/StarterContent/Content/StarterContent/Textures/T_Brick_Hewn_Stone_N.uasset" to "C:/The Gentleman Storm/sandstorm/Sandstorm/Content/StarterContent/Textures/T_Brick_Hewn_Stone_N.uasset"
[2015.12.10-01.17.49:877][  0]LogPackFactory: Copied "../../../Samples/StarterContent/Content/StarterContent/Textures/T_Burst_M.uasset" to "C:/The Gentleman Storm/sandstorm/Sandstorm/Content/StarterContent/Textures/T_Burst_M.uasset"
[2015.12.10-01.17.49:937][  0]LogPackFactory: Copied "../../../Samples/StarterContent/Content/StarterContent/Textures/T_Bush_D.uasset" to "C:/The Gentleman Storm/sandstorm/Sandstorm/Content/StarterContent/Textures/T_Bush_D.uasset"
[2015.12.10-01.17.49:980][  0]LogPackFactory: Copied "../../../Samples/StarterContent/Content/StarterContent/Textures/T_Bush_N.uasset" to "C:/The Gentleman Storm/sandstorm/Sandstorm/Content/StarterContent/Textures/T_Bush_N.uasset"
[2015.12.10-01.17.50:273][  0]LogPackFactory: Copied "../../../Samples/StarterContent/Content/StarterContent/Textures/T_Ceramic_Tile_M.uasset" to "C:/The Gentleman Storm/sandstorm/Sandstorm/Content/StarterContent/Textures/T_Ceramic_Tile_M.uasset"
[2015.12.10-01.17.50:333][  0]LogPackFactory: Copied "../../../Samples/StarterContent/Content/StarterContent/Textures/T_Ceramic_Tile_N.uasset" to "C:/The Gentleman Storm/sandstorm/Sandstorm/Content/StarterContent/Textures/T_Ceramic_Tile_N.uasset"
[2015.12.10-01.17.50:420][  0]LogPackFactory: Copied "../../../Samples/StarterContent/Content/StarterContent/Textures/T_Chair_M.uasset" to "C:/The Gentleman Storm/sandstorm/Sandstorm/Content/StarterContent/Textures/T_Chair_M.uasset"
[2015.12.10-01.17.50:480][  0]LogPackFactory: Copied "../../../Samples/StarterContent/Content/StarterContent/Textures/T_Chair_N.uasset" to "C:/The Gentleman Storm/sandstorm/Sandstorm/Content/StarterContent/Textures/T_Chair_N.uasset"
[2015.12.10-01.17.50:522][  0]LogPackFactory: Copied "../../../Samples/StarterContent/Content/StarterContent/Textures/T_Checker_Noise_M.uasset" to "C:/The Gentleman Storm/sandstorm/Sandstorm/Content/StarterContent/Textures/T_Checker_Noise_M.uasset"
[2015.12.10-01.17.50:654][  0]LogPackFactory: Copied "../../../Samples/StarterContent/Content/StarterContent/Textures/T_CobbleStone_Pebble_D.uasset" to "C:/The Gentleman Storm/sandstorm/Sandstorm/Content/StarterContent/Textures/T_CobbleStone_Pebble_D.uasset"
[2015.12.10-01.17.50:734][  0]LogPackFactory: Copied "../../../Samples/StarterContent/Content/StarterContent/Textures/T_CobbleStone_Pebble_M.uasset" to "C:/The Gentleman Storm/sandstorm/Sandstorm/Content/StarterContent/Textures/T_CobbleStone_Pebble_M.uasset"
[2015.12.10-01.17.50:874][  0]LogPackFactory: Copied "../../../Samples/StarterContent/Content/StarterContent/Textures/T_CobbleStone_Pebble_N.uasset" to "C:/The Gentleman Storm/sandstorm/Sandstorm/Content/StarterContent/Textures/T_CobbleStone_Pebble_N.uasset"
[2015.12.10-01.17.50:973][  0]LogPackFactory: Copied "../../../Samples/StarterContent/Content/StarterContent/Textures/T_CobbleStone_Rough_D.uasset" to "C:/The Gentleman Storm/sandstorm/Sandstorm/Content/StarterContent/Textures/T_CobbleStone_Rough_D.uasset"
[2015.12.10-01.17.51:036][  0]LogPackFactory: Copied "../../../Samples/StarterContent/Content/StarterContent/Textures/T_CobbleStone_Rough_N.uasset" to "C:/The Gentleman Storm/sandstorm/Sandstorm/Content/StarterContent/Textures/T_CobbleStone_Rough_N.uasset"
[2015.12.10-01.17.51:111][  0]LogPackFactory: Copied "../../../Samples/StarterContent/Content/StarterContent/Textures/T_CobbleStone_Smooth_D.uasset" to "C:/The Gentleman Storm/sandstorm/Sandstorm/Content/StarterContent/Textures/T_CobbleStone_Smooth_D.uasset"
[2015.12.10-01.17.51:192][  0]LogPackFactory: Copied "../../../Samples/StarterContent/Content/StarterContent/Textures/T_CobbleStone_Smooth_M.uasset" to "C:/The Gentleman Storm/sandstorm/Sandstorm/Content/StarterContent/Textures/T_CobbleStone_Smooth_M.uasset"
[2015.12.10-01.17.51:420][  0]LogPackFactory: Copied "../../../Samples/StarterContent/Content/StarterContent/Textures/T_CobbleStone_Smooth_N.uasset" to "C:/The Gentleman Storm/sandstorm/Sandstorm/Content/StarterContent/Textures/T_CobbleStone_Smooth_N.uasset"
[2015.12.10-01.17.51:563][  0]LogPackFactory: Copied "../../../Samples/StarterContent/Content/StarterContent/Textures/T_Concrete_Grime_D.uasset" to "C:/The Gentleman Storm/sandstorm/Sandstorm/Content/StarterContent/Textures/T_Concrete_Grime_D.uasset"
[2015.12.10-01.17.51:672][  0]LogPackFactory: Copied "../../../Samples/StarterContent/Content/StarterContent/Textures/T_Concrete_Panels_D.uasset" to "C:/The Gentleman Storm/sandstorm/Sandstorm/Content/StarterContent/Textures/T_Concrete_Panels_D.uasset"
[2015.12.10-01.17.51:772][  0]LogPackFactory: Copied "../../../Samples/StarterContent/Content/StarterContent/Textures/T_Concrete_Panels_N.uasset" to "C:/The Gentleman Storm/sandstorm/Sandstorm/Content/StarterContent/Textures/T_Concrete_Panels_N.uasset"
[2015.12.10-01.17.51:968][  0]LogPackFactory: Copied "../../../Samples/StarterContent/Content/StarterContent/Textures/T_Concrete_Poured_D.uasset" to "C:/The Gentleman Storm/sandstorm/Sandstorm/Content/StarterContent/Textures/T_Concrete_Poured_D.uasset"
[2015.12.10-01.17.52:074][  0]LogPackFactory: Copied "../../../Samples/StarterContent/Content/StarterContent/Textures/T_Concrete_Poured_N.uasset" to "C:/The Gentleman Storm/sandstorm/Sandstorm/Content/StarterContent/Textures/T_Concrete_Poured_N.uasset"
[2015.12.10-01.17.52:151][  0]LogPackFactory: Copied "../../../Samples/StarterContent/Content/StarterContent/Textures/T_Concrete_Tiles_D.uasset" to "C:/The Gentleman Storm/sandstorm/Sandstorm/Content/StarterContent/Textures/T_Concrete_Tiles_D.uasset"
[2015.12.10-01.17.52:232][  0]LogPackFactory: Copied "../../../Samples/StarterContent/Content/StarterContent/Textures/T_Concrete_Tiles_M.uasset" to "C:/The Gentleman Storm/sandstorm/Sandstorm/Content/StarterContent/Textures/T_Concrete_Tiles_M.uasset"
[2015.12.10-01.17.52:439][  0]LogPackFactory: Copied "../../../Samples/StarterContent/Content/StarterContent/Textures/T_Concrete_Tiles_N.uasset" to "C:/The Gentleman Storm/sandstorm/Sandstorm/Content/StarterContent/Textures/T_Concrete_Tiles_N.uasset"
[2015.12.10-01.17.52:479][  0]LogPackFactory: Copied "../../../Samples/StarterContent/Content/StarterContent/Textures/T_Concrete_Tiles_Variation_M.uasset" to "C:/The Gentleman Storm/sandstorm/Sandstorm/Content/StarterContent/Textures/T_Concrete_Tiles_Variation_M.uasset"
[2015.12.10-01.17.52:536][  0]LogPackFactory: Copied "../../../Samples/StarterContent/Content/StarterContent/Textures/T_Detail_Rocky_N.uasset" to "C:/The Gentleman Storm/sandstorm/Sandstorm/Content/StarterContent/Textures/T_Detail_Rocky_N.uasset"
[2015.12.10-01.17.52:585][  0]LogPackFactory: Copied "../../../Samples/StarterContent/Content/StarterContent/Textures/T_Door_M.uasset" to "C:/The Gentleman Storm/sandstorm/Sandstorm/Content/StarterContent/Textures/T_Door_M.uasset"
[2015.12.10-01.17.52:669][  0]LogPackFactory: Copied "../../../Samples/StarterContent/Content/StarterContent/Textures/T_Door_N.uasset" to "C:/The Gentleman Storm/sandstorm/Sandstorm/Content/StarterContent/Textures/T_Door_N.uasset"
[2015.12.10-01.17.52:698][  0]LogPackFactory: Copied "../../../Samples/StarterContent/Content/StarterContent/Textures/T_Dust_Particle_D.uasset" to "C:/The Gentleman Storm/sandstorm/Sandstorm/Content/StarterContent/Textures/T_Dust_Particle_D.uasset"
[2015.12.10-01.17.52:785][  0]LogPackFactory: Copied "../../../Samples/StarterContent/Content/StarterContent/Textures/T_Explosion_SubUV.uasset" to "C:/The Gentleman Storm/sandstorm/Sandstorm/Content/StarterContent/Textures/T_Explosion_SubUV.uasset"
[2015.12.10-01.17.52:845][  0]LogPackFactory: Copied "../../../Samples/StarterContent/Content/StarterContent/Textures/T_Fire_SubUV.uasset" to "C:/The Gentleman Storm/sandstorm/Sandstorm/Content/StarterContent/Textures/T_Fire_SubUV.uasset"
[2015.12.10-01.17.52:948][  0]LogPackFactory: Copied "../../../Samples/StarterContent/Content/StarterContent/Textures/T_Fire_Tiled_D.uasset" to "C:/The Gentleman Storm/sandstorm/Sandstorm/Content/StarterContent/Textures/T_Fire_Tiled_D.uasset"
[2015.12.10-01.17.52:978][  0]LogPackFactory: Copied "../../../Samples/StarterContent/Content/StarterContent/Textures/T_Frame_M.uasset" to "C:/The Gentleman Storm/sandstorm/Sandstorm/Content/StarterContent/Textures/T_Frame_M.uasset"
[2015.12.10-01.17.53:017][  0]LogPackFactory: Copied "../../../Samples/StarterContent/Content/StarterContent/Textures/T_Frame_N.uasset" to "C:/The Gentleman Storm/sandstorm/Sandstorm/Content/StarterContent/Textures/T_Frame_N.uasset"
[2015.12.10-01.17.53:041][  0]LogPackFactory: Copied "../../../Samples/StarterContent/Content/StarterContent/Textures/T_Gradinet_01.uasset" to "C:/The Gentleman Storm/sandstorm/Sandstorm/Content/StarterContent/Textures/T_Gradinet_01.uasset"
[2015.12.10-01.17.53:166][  0]LogPackFactory: Copied "../../../Samples/StarterContent/Content/StarterContent/Textures/T_Ground_Grass_D.uasset" to "C:/The Gentleman Storm/sandstorm/Sandstorm/Content/StarterContent/Textures/T_Ground_Grass_D.uasset"
[2015.12.10-01.17.53:308][  0]LogPackFactory: Copied "../../../Samples/StarterContent/Content/StarterContent/Textures/T_Ground_Grass_N.uasset" to "C:/The Gentleman Storm/sandstorm/Sandstorm/Content/StarterContent/Textures/T_Ground_Grass_N.uasset"
[2015.12.10-01.17.53:448][  0]LogPackFactory: Copied "../../../Samples/StarterContent/Content/StarterContent/Textures/T_Ground_Gravel_D.uasset" to "C:/The Gentleman Storm/sandstorm/Sandstorm/Content/StarterContent/Textures/T_Ground_Gravel_D.uasset"
[2015.12.10-01.17.53:552][  0]LogPackFactory: Copied "../../../Samples/StarterContent/Content/StarterContent/Textures/T_Ground_Gravel_N.uasset" to "C:/The Gentleman Storm/sandstorm/Sandstorm/Content/StarterContent/Textures/T_Ground_Gravel_N.uasset"
[2015.12.10-01.17.53:741][  0]LogPackFactory: Copied "../../../Samples/StarterContent/Content/StarterContent/Textures/T_ground_Moss_D.uasset" to "C:/The Gentleman Storm/sandstorm/Sandstorm/Content/StarterContent/Textures/T_ground_Moss_D.uasset"
[2015.12.10-01.17.53:864][  0]LogPackFactory: Copied "../../../Samples/StarterContent/Content/StarterContent/Textures/T_Ground_Moss_N.uasset" to "C:/The Gentleman Storm/sandstorm/Sandstorm/Content/StarterContent/Textures/T_Ground_Moss_N.uasset"
[2015.12.10-01.17.53:895][  0]LogPackFactory: Copied "../../../Samples/StarterContent/Content/StarterContent/Textures/T_Lamp_M.uasset" to "C:/The Gentleman Storm/sandstorm/Sandstorm/Content/StarterContent/Textures/T_Lamp_M.uasset"
[2015.12.10-01.17.53:932][  0]LogPackFactory: Copied "../../../Samples/StarterContent/Content/StarterContent/Textures/T_Lamp_N.uasset" to "C:/The Gentleman Storm/sandstorm/Sandstorm/Content/StarterContent/Textures/T_Lamp_N.uasset"
[2015.12.10-01.17.54:093][  0]LogPackFactory: Copied "../../../Samples/StarterContent/Content/StarterContent/Textures/T_MacroVariation.uasset" to "C:/The Gentleman Storm/sandstorm/Sandstorm/Content/StarterContent/Textures/T_MacroVariation.uasset"
[2015.12.10-01.17.54:208][  0]LogPackFactory: Copied "../../../Samples/StarterContent/Content/StarterContent/Textures/T_Metal_Aluminum_D.uasset" to "C:/The Gentleman Storm/sandstorm/Sandstorm/Content/StarterContent/Textures/T_Metal_Aluminum_D.uasset"
[2015.12.10-01.17.54:315][  0]LogPackFactory: Copied "../../../Samples/StarterContent/Content/StarterContent/Textures/T_Metal_Copper_D.uasset" to "C:/The Gentleman Storm/sandstorm/Sandstorm/Content/StarterContent/Textures/T_Metal_Copper_D.uasset"
[2015.12.10-01.17.54:429][  0]LogPackFactory: Copied "../../../Samples/StarterContent/Content/StarterContent/Textures/T_Metal_Gold_D.uasset" to "C:/The Gentleman Storm/sandstorm/Sandstorm/Content/StarterContent/Textures/T_Metal_Gold_D.uasset"
[2015.12.10-01.17.54:629][  0]LogPackFactory: Copied "../../../Samples/StarterContent/Content/StarterContent/Textures/T_Metal_Gold_N.uasset" to "C:/The Gentleman Storm/sandstorm/Sandstorm/Content/StarterContent/Textures/T_Metal_Gold_N.uasset"
[2015.12.10-01.17.54:782][  0]LogPackFactory: Copied "../../../Samples/StarterContent/Content/StarterContent/Textures/T_Metal_Rust_D.uasset" to "C:/The Gentleman Storm/sandstorm/Sandstorm/Content/StarterContent/Textures/T_Metal_Rust_D.uasset"
[2015.12.10-01.17.54:881][  0]LogPackFactory: Copied "../../../Samples/StarterContent/Content/StarterContent/Textures/T_Metal_Rust_N.uasset" to "C:/The Gentleman Storm/sandstorm/Sandstorm/Content/StarterContent/Textures/T_Metal_Rust_N.uasset"
[2015.12.10-01.17.54:989][  0]LogPackFactory: Copied "../../../Samples/StarterContent/Content/StarterContent/Textures/T_Metal_Steel_D.uasset" to "C:/The Gentleman Storm/sandstorm/Sandstorm/Content/StarterContent/Textures/T_Metal_Steel_D.uasset"
[2015.12.10-01.17.55:096][  0]LogPackFactory: Copied "../../../Samples/StarterContent/Content/StarterContent/Textures/T_Metal_Steel_N.uasset" to "C:/The Gentleman Storm/sandstorm/Sandstorm/Content/StarterContent/Textures/T_Metal_Steel_N.uasset"
[2015.12.10-01.17.55:193][  0]LogPackFactory: Copied "../../../Samples/StarterContent/Content/StarterContent/Textures/T_Perlin_Noise_M.uasset" to "C:/The Gentleman Storm/sandstorm/Sandstorm/Content/StarterContent/Textures/T_Perlin_Noise_M.uasset"
[2015.12.10-01.17.55:244][  0]LogPackFactory: Copied "../../../Samples/StarterContent/Content/StarterContent/Textures/T_RockMesh_M.uasset" to "C:/The Gentleman Storm/sandstorm/Sandstorm/Content/StarterContent/Textures/T_RockMesh_M.uasset"
[2015.12.10-01.17.55:320][  0]LogPackFactory: Copied "../../../Samples/StarterContent/Content/StarterContent/Textures/T_RockMesh_N.uasset" to "C:/The Gentleman Storm/sandstorm/Sandstorm/Content/StarterContent/Textures/T_RockMesh_N.uasset"
[2015.12.10-01.17.55:464][  0]LogPackFactory: Copied "../../../Samples/StarterContent/Content/StarterContent/Textures/T_Rock_Basalt_D.uasset" to "C:/The Gentleman Storm/sandstorm/Sandstorm/Content/StarterContent/Textures/T_Rock_Basalt_D.uasset"
[2015.12.10-01.17.55:579][  0]LogPackFactory: Copied "../../../Samples/StarterContent/Content/StarterContent/Textures/T_Rock_Basalt_N.uasset" to "C:/The Gentleman Storm/sandstorm/Sandstorm/Content/StarterContent/Textures/T_Rock_Basalt_N.uasset"
[2015.12.10-01.17.55:678][  0]LogPackFactory: Copied "../../../Samples/StarterContent/Content/StarterContent/Textures/T_Rock_Marble_Polished_D.uasset" to "C:/The Gentleman Storm/sandstorm/Sandstorm/Content/StarterContent/Textures/T_Rock_Marble_Polished_D.uasset"
[2015.12.10-01.17.55:801][  0]LogPackFactory: Copied "../../../Samples/StarterContent/Content/StarterContent/Textures/T_Rock_Sandstone_D.uasset" to "C:/The Gentleman Storm/sandstorm/Sandstorm/Content/StarterContent/Textures/T_Rock_Sandstone_D.uasset"
[2015.12.10-01.17.55:919][  0]LogPackFactory: Copied "../../../Samples/StarterContent/Content/StarterContent/Textures/T_Rock_Sandstone_N.uasset" to "C:/The Gentleman Storm/sandstorm/Sandstorm/Content/StarterContent/Textures/T_Rock_Sandstone_N.uasset"
[2015.12.10-01.17.56:079][  0]LogPackFactory: Copied "../../../Samples/StarterContent/Content/StarterContent/Textures/T_Rock_Slate_D.uasset" to "C:/The Gentleman Storm/sandstorm/Sandstorm/Content/StarterContent/Textures/T_Rock_Slate_D.uasset"
[2015.12.10-01.17.56:203][  0]LogPackFactory: Copied "../../../Samples/StarterContent/Content/StarterContent/Textures/T_Rock_Slate_N.uasset" to "C:/The Gentleman Storm/sandstorm/Sandstorm/Content/StarterContent/Textures/T_Rock_Slate_N.uasset"
[2015.12.10-01.17.56:309][  0]LogPackFactory: Copied "../../../Samples/StarterContent/Content/StarterContent/Textures/T_Rock_Smooth_Granite_D.uasset" to "C:/The Gentleman Storm/sandstorm/Sandstorm/Content/StarterContent/Textures/T_Rock_Smooth_Granite_D.uasset"
[2015.12.10-01.17.56:452][  0]LogPackFactory: Copied "../../../Samples/StarterContent/Content/StarterContent/Textures/T_Shelf_M.uasset" to "C:/The Gentleman Storm/sandstorm/Sandstorm/Content/StarterContent/Textures/T_Shelf_M.uasset"
[2015.12.10-01.17.56:500][  0]LogPackFactory: Copied "../../../Samples/StarterContent/Content/StarterContent/Textures/T_Shelf_N.uasset" to "C:/The Gentleman Storm/sandstorm/Sandstorm/Content/StarterContent/Textures/T_Shelf_N.uasset"
[2015.12.10-01.17.56:603][  0]LogPackFactory: Copied "../../../Samples/StarterContent/Content/StarterContent/Textures/T_Single_Tile_N.uasset" to "C:/The Gentleman Storm/sandstorm/Sandstorm/Content/StarterContent/Textures/T_Single_Tile_N.uasset"
[2015.12.10-01.17.56:649][  0]LogPackFactory: Copied "../../../Samples/StarterContent/Content/StarterContent/Textures/T_Smoke_SubUV.uasset" to "C:/The Gentleman Storm/sandstorm/Sandstorm/Content/StarterContent/Textures/T_Smoke_SubUV.uasset"
[2015.12.10-01.17.56:744][  0]LogPackFactory: Copied "../../../Samples/StarterContent/Content/StarterContent/Textures/T_Smoke_Tiled_D.uasset" to "C:/The Gentleman Storm/sandstorm/Sandstorm/Content/StarterContent/Textures/T_Smoke_Tiled_D.uasset"
[2015.12.10-01.17.56:806][  0]LogPackFactory: Copied "../../../Samples/StarterContent/Content/StarterContent/Textures/T_Spark_Core.uasset" to "C:/The Gentleman Storm/sandstorm/Sandstorm/Content/StarterContent/Textures/T_Spark_Core.uasset"
[2015.12.10-01.17.56:850][  0]LogPackFactory: Copied "../../../Samples/StarterContent/Content/StarterContent/Textures/T_Statue_M.uasset" to "C:/The Gentleman Storm/sandstorm/Sandstorm/Content/StarterContent/Textures/T_Statue_M.uasset"
[2015.12.10-01.17.56:905][  0]LogPackFactory: Copied "../../../Samples/StarterContent/Content/StarterContent/Textures/T_Statue_N.uasset" to "C:/The Gentleman Storm/sandstorm/Sandstorm/Content/StarterContent/Textures/T_Statue_N.uasset"
[2015.12.10-01.17.56:953][  0]LogPackFactory: Copied "../../../Samples/StarterContent/Content/StarterContent/Textures/T_TableRound_M.uasset" to "C:/The Gentleman Storm/sandstorm/Sandstorm/Content/StarterContent/Textures/T_TableRound_M.uasset"
[2015.12.10-01.17.57:025][  0]LogPackFactory: Copied "../../../Samples/StarterContent/Content/StarterContent/Textures/T_TableRound_N.uasset" to "C:/The Gentleman Storm/sandstorm/Sandstorm/Content/StarterContent/Textures/T_TableRound_N.uasset"
[2015.12.10-01.17.57:056][  0]LogPackFactory: Copied "../../../Samples/StarterContent/Content/StarterContent/Textures/T_Tech_Dot_M.uasset" to "C:/The Gentleman Storm/sandstorm/Sandstorm/Content/StarterContent/Textures/T_Tech_Dot_M.uasset"
[2015.12.10-01.17.57:070][  0]LogPackFactory: Copied "../../../Samples/StarterContent/Content/StarterContent/Textures/T_Tech_Dot_N.uasset" to "C:/The Gentleman Storm/sandstorm/Sandstorm/Content/StarterContent/Textures/T_Tech_Dot_N.uasset"
[2015.12.10-01.17.57:115][  0]LogPackFactory: Copied "../../../Samples/StarterContent/Content/StarterContent/Textures/T_Tech_Hex_Tile_M.uasset" to "C:/The Gentleman Storm/sandstorm/Sandstorm/Content/StarterContent/Textures/T_Tech_Hex_Tile_M.uasset"
[2015.12.10-01.17.57:146][  0]LogPackFactory: Copied "../../../Samples/StarterContent/Content/StarterContent/Textures/T_Tech_Hex_Tile_N.uasset" to "C:/The Gentleman Storm/sandstorm/Sandstorm/Content/StarterContent/Textures/T_Tech_Hex_Tile_N.uasset"
[2015.12.10-01.17.57:178][  0]LogPackFactory: Copied "../../../Samples/StarterContent/Content/StarterContent/Textures/T_Tech_Panel_M.uasset" to "C:/The Gentleman Storm/sandstorm/Sandstorm/Content/StarterContent/Textures/T_Tech_Panel_M.uasset"
[2015.12.10-01.17.57:241][  0]LogPackFactory: Copied "../../../Samples/StarterContent/Content/StarterContent/Textures/T_Tech_Panel_N.uasset" to "C:/The Gentleman Storm/sandstorm/Sandstorm/Content/StarterContent/Textures/T_Tech_Panel_N.uasset"
[2015.12.10-01.17.57:334][  0]LogPackFactory: Copied "../../../Samples/StarterContent/Content/StarterContent/Textures/T_Water_M.uasset" to "C:/The Gentleman Storm/sandstorm/Sandstorm/Content/StarterContent/Textures/T_Water_M.uasset"
[2015.12.10-01.17.57:396][  0]LogPackFactory: Copied "../../../Samples/StarterContent/Content/StarterContent/Textures/T_Water_N.uasset" to "C:/The Gentleman Storm/sandstorm/Sandstorm/Content/StarterContent/Textures/T_Water_N.uasset"
[2015.12.10-01.17.57:463][  0]LogPackFactory: Copied "../../../Samples/StarterContent/Content/StarterContent/Textures/T_Wood_Floor_Walnut_D.uasset" to "C:/The Gentleman Storm/sandstorm/Sandstorm/Content/StarterContent/Textures/T_Wood_Floor_Walnut_D.uasset"
[2015.12.10-01.17.57:523][  0]LogPackFactory: Copied "../../../Samples/StarterContent/Content/StarterContent/Textures/T_Wood_Floor_Walnut_M.uasset" to "C:/The Gentleman Storm/sandstorm/Sandstorm/Content/StarterContent/Textures/T_Wood_Floor_Walnut_M.uasset"
[2015.12.10-01.17.57:601][  0]LogPackFactory: Copied "../../../Samples/StarterContent/Content/StarterContent/Textures/T_Wood_Floor_Walnut_N.uasset" to "C:/The Gentleman Storm/sandstorm/Sandstorm/Content/StarterContent/Textures/T_Wood_Floor_Walnut_N.uasset"
[2015.12.10-01.17.57:713][  0]LogPackFactory: Copied "../../../Samples/StarterContent/Content/StarterContent/Textures/T_Wood_Oak_D.uasset" to "C:/The Gentleman Storm/sandstorm/Sandstorm/Content/StarterContent/Textures/T_Wood_Oak_D.uasset"
[2015.12.10-01.17.57:800][  0]LogPackFactory: Copied "../../../Samples/StarterContent/Content/StarterContent/Textures/T_Wood_Oak_N.uasset" to "C:/The Gentleman Storm/sandstorm/Sandstorm/Content/StarterContent/Textures/T_Wood_Oak_N.uasset"
[2015.12.10-01.17.57:938][  0]LogPackFactory: Copied "../../../Samples/StarterContent/Content/StarterContent/Textures/T_Wood_Pine_D.uasset" to "C:/The Gentleman Storm/sandstorm/Sandstorm/Content/StarterContent/Textures/T_Wood_Pine_D.uasset"
[2015.12.10-01.17.58:026][  0]LogPackFactory: Copied "../../../Samples/StarterContent/Content/StarterContent/Textures/T_Wood_Pine_N.uasset" to "C:/The Gentleman Storm/sandstorm/Sandstorm/Content/StarterContent/Textures/T_Wood_Pine_N.uasset"
[2015.12.10-01.17.58:114][  0]LogPackFactory: Copied "../../../Samples/StarterContent/Content/StarterContent/Textures/T_Wood_Walnut_D.uasset" to "C:/The Gentleman Storm/sandstorm/Sandstorm/Content/StarterContent/Textures/T_Wood_Walnut_D.uasset"
[2015.12.10-01.17.58:170][  0]LogPackFactory: Copied "../../../Samples/StarterContent/Content/StarterContent/Textures/T_Wood_Walnut_N.uasset" to "C:/The Gentleman Storm/sandstorm/Sandstorm/Content/StarterContent/Textures/T_Wood_Walnut_N.uasset"
[2015.12.10-01.17.59:238][  0]LogRenderer: Reallocating scene render targets to support 256x256 (Frame:2).
[2015.12.10-01.18.00:154][  0]Cmd: OBJ SAVEPACKAGE PACKAGE="/Game/StarterContent/Architecture/Floor_400x400" FILE="C:/The Gentleman Storm/sandstorm/Sandstorm/Content/StarterContent/Architecture/Floor_400x400.uasset" SILENT=true
[2015.12.10-01.18.00:581][  0]LogSavePackage: Save=314.103455ms
[2015.12.10-01.18.00:581][  0]LogSavePackage: Moving 'C:/The Gentleman Storm/sandstorm/Sandstorm/Saved/Floor_400x400BB4126D8460C6156F1D66C8FA414696A.tmp' to 'C:/The Gentleman Storm/sandstorm/Sandstorm/Content/StarterContent/Architecture/Floor_400x400.uasset'
[2015.12.10-01.18.00:587][  0]LogSavePackage: Total save time: 383.776065ms
[2015.12.10-01.18.00:587][  0]LogSavePackage:Display: Finished SavePackage C:/The Gentleman Storm/sandstorm/Sandstorm/Content/StarterContent/Architecture/Floor_400x400.uasset
[2015.12.10-01.18.00:588][  0]LogFeaturePack:Warning: Inserted 1 feature packs
[2015.12.10-01.18.00:593][  0]Cmd: MAP LOAD FILE="C:/The Gentleman Storm/sandstorm/Sandstorm/Content/ThirdPersonBP/Maps/ThirdPersonExampleMap.umap" TEMPLATE=0 SHOWPROGRESS=1 FEATURELEVEL=3
[2015.12.10-01.18.00:594][  0]LightingResults: New page: Lighting Build
[2015.12.10-01.18.00:601][  0]MapCheck: New page: Map Check
[2015.12.10-01.18.00:602][  0]LightingResults: New page: Lighting Build
[2015.12.10-01.18.00:621][  0]LogParticles: Destroying 0 GPU particle simulations for FXSystem 0x0000005D0E8DF240
[2015.12.10-01.18.03:225][  0]LogAIModule: Creating AISystem for world ThirdPersonExampleMap
[2015.12.10-01.18.03:551][  0]LogEditorServer: Finished looking for orphan Actors (0.000 secs)
[2015.12.10-01.18.03:570][  0]Cmd: MAP CHECKDEP NOCLEARLOG
[2015.12.10-01.18.03:632][  0]MapCheck: Info Map check complete: 0 Error(s), 0 Warning(s), took 61.496ms to complete.
[2015.12.10-01.18.03:632][  0]LogFileHelpers: Loading map 'ThirdPersonExampleMap' took 3.039
[2015.12.10-01.18.04:612][  0]LogCollectionManager: Loaded 0 collections in 0.002639 seconds
[2015.12.10-01.18.04:734][  0]LogFileCache: Scanning file cache for directory 'C:/The Gentleman Storm/sandstorm/Sandstorm/Saved/Collections/' took 0.01s
[2015.12.10-01.18.04:734][  0]LogFileCache: Scanning file cache for directory 'C:/The Gentleman Storm/sandstorm/Sandstorm/Content/Developers/Guilherme/Collections/' took 0.01s
[2015.12.10-01.18.04:734][  0]LogFileCache: Scanning file cache for directory 'C:/The Gentleman Storm/sandstorm/Sandstorm/Content/Collections/' took 0.01s
[2015.12.10-01.18.04:734][  0]LogCollectionManager: Rebuilt the GUID cache for 0 collections in 0.000003 seconds
[2015.12.10-01.18.04:753][  0]LogContentBrowser: Native class hierarchy populated in 0.0184 seconds. Added 1893 classes and 338 folders.
[2015.12.10-01.18.04:891][  0]LogContentBrowser: Native class hierarchy updated for 'WidgetCarousel' in 0.0007 seconds. Added 0 classes and 0 folders.
[2015.12.10-01.18.04:947][  0]LogContentBrowser: Native class hierarchy updated for 'AddContentDialog' in 0.0003 seconds. Added 0 classes and 0 folders.
[2015.12.10-01.18.05:027][  0]LogContentBrowser: Native class hierarchy updated for 'SceneOutliner' in 0.0008 seconds. Added 1 classes and 2 folders.
[2015.12.10-01.18.05:557][  0]LogCrashTracker: Crashtracker disabled due to settings.
[2015.12.10-01.18.05:919][  0]LogLoad: Full Startup: 33.70 seconds (BP compile: 0.81 seconds)
[2015.12.10-01.18.05:931][  0]LogOcInput: Can't find Oculus library dev build: is proper Runtime installed? Version: 0.8.0.0
[2015.12.10-01.18.06:522][  0]LogContentStreaming: Texture pool size now 1000 MB
[2015.12.10-01.18.07:226][  0]LogRenderer: Reallocating scene render targets to support 904x456 (Frame:3).
[2015.12.10-01.18.07:735][  6]LogAssetRegistry: Asset discovery search completed in 31.9775 seconds
[2015.12.10-01.18.07:735][  6]LogCollectionManager: Rebuilt the object cache for 0 collections in 0.000001 seconds (found 0 objects)
[2015.12.10-01.18.07:735][  6]LogCollectionManager: Fixed up redirectors for 0 collections in 0.000020 seconds (updated 0 objects)
[2015.12.10-01.18.34:501][ 41]LogSavePackage: Save=728.673950ms
[2015.12.10-01.18.34:501][ 41]LogSavePackage: Moving 'C:/The Gentleman Storm/sandstorm/Sandstorm/Saved/ThirdPersonExampleMap21D72D97418FCCF90C72778EDBA4AA7C.tmp' to 'C:/The Gentleman Storm/sandstorm/Sandstorm/Content/ThirdPersonBP/Maps/ThirdPersonExampleMap.umap'
[2015.12.10-01.18.34:503][ 41]LogSavePackage: Total save time: 750.738058ms
[2015.12.10-01.18.34:503][ 41]LogSavePackage:Display: Finished SavePackage C:/The Gentleman Storm/sandstorm/Sandstorm/Co